    +----------------------------------------------+
    |    Resource and Fidelity Utility for QAOA    |
    |                                              |
    |          CS639 FINAL COURSE PROJECT          |
    +----------------------------------------------+

Verbose: 0

QAOA problem size is 5 qubits running 1 - 20 circuits in parallel.


Mesh (100 qubit)
Calculating runtime for 1024 shots...

+------------+----------------+-----------------------------+------------+
|   # Copies |   Runtime (us) |   Speedup (single/parallel) |   Fidelity |
+============+================+=============================+============+
|          1 |       8171.52  |                     1       |   0.373114 |
+------------+----------------+-----------------------------+------------+
|          2 |       4085.76  |                     2       |   0.373114 |
+------------+----------------+-----------------------------+------------+
|          3 |       3051.52  |                     2.67785 |   0.369374 |
+------------+----------------+-----------------------------+------------+
|          4 |       2411.52  |                     3.38854 |   0.366132 |
+------------+----------------+-----------------------------+------------+
|          5 |       1871.87  |                     4.36543 |   0.369746 |
+------------+----------------+-----------------------------+------------+
|          6 |       1582.65  |                     5.16319 |   0.368445 |
+------------+----------------+-----------------------------+------------+
|          7 |       1524.3   |                     5.36084 |   0.364357 |
+------------+----------------+-----------------------------+------------+
|          8 |       1214.29  |                     6.72944 |   0.368909 |
+------------+----------------+-----------------------------+------------+
|          9 |       1147.64  |                     7.12029 |   0.366285 |
+------------+----------------+-----------------------------+------------+
|         10 |       1026.05  |                     7.96407 |   0.364751 |
+------------+----------------+-----------------------------+------------+
|         11 |        926.565 |                     8.81916 |   0.365503 |
+------------+----------------+-----------------------------+------------+
|         12 |        837.973 |                     9.75153 |   0.366132 |
+------------+----------------+-----------------------------+------------+
|         13 |        778.765 |                    10.4929  |   0.364115 |
+------------+----------------+-----------------------------+------------+
|         14 |        762.149 |                    10.7217  |   0.365934 |
+------------+----------------+-----------------------------+------------+
|         15 |        711.339 |                    11.4875  |   0.364567 |
+------------+----------------+-----------------------------+------------+
|         16 |        666.88  |                    12.2534  |   0.363719 |
+------------+----------------+-----------------------------+------------+
|         17 |        591.511 |                    13.8147  |   0.364913 |
+------------+----------------+-----------------------------+------------+
|         18 |        592.782 |                    13.785   |   0.363223 |
+------------+----------------+-----------------------------+------------+
|         19 |        561.583 |                    14.5509  |   0.364316 |
+------------+----------------+-----------------------------+------------+
|         20 |        526.677 |                    15.5152  |   0.363925 |
+------------+----------------+-----------------------------+------------+


Trapped Ion (10 qubit clusters)
Calculating runtime for 1024 shots...

+------------+----------------+-----------------------------+------------+
|   # Copies |   Runtime (us) |   Speedup (single/parallel) |   Fidelity |
+============+================+=============================+============+
|          1 |       6123.52  |                           1 |   0.489767 |
+------------+----------------+-----------------------------+------------+
|          2 |       3061.76  |                           2 |   0.489767 |
+------------+----------------+-----------------------------+------------+
|          3 |       2041.17  |                           3 |   0.489767 |
+------------+----------------+-----------------------------+------------+
|          4 |       1530.88  |                           4 |   0.489767 |
+------------+----------------+-----------------------------+------------+
|          5 |       1224.7   |                           5 |   0.489767 |
+------------+----------------+-----------------------------+------------+
|          6 |       1020.59  |                           6 |   0.489767 |
+------------+----------------+-----------------------------+------------+
|          7 |        874.789 |                           7 |   0.489767 |
+------------+----------------+-----------------------------+------------+
|          8 |        765.44  |                           8 |   0.489767 |
+------------+----------------+-----------------------------+------------+
|          9 |        680.391 |                           9 |   0.489767 |
+------------+----------------+-----------------------------+------------+
|         10 |        612.352 |                          10 |   0.489767 |
+------------+----------------+-----------------------------+------------+
|         11 |        556.684 |                          11 |   0.489767 |
+------------+----------------+-----------------------------+------------+
|         12 |        510.293 |                          12 |   0.489767 |
+------------+----------------+-----------------------------+------------+
|         13 |        471.04  |                          13 |   0.489767 |
+------------+----------------+-----------------------------+------------+
|         14 |        437.394 |                          14 |   0.489767 |
+------------+----------------+-----------------------------+------------+
|         15 |        408.235 |                          15 |   0.489767 |
+------------+----------------+-----------------------------+------------+
|         16 |        382.72  |                          16 |   0.489767 |
+------------+----------------+-----------------------------+------------+
|         17 |        360.207 |                          17 |   0.489767 |
+------------+----------------+-----------------------------+------------+
|         18 |        340.196 |                          18 |   0.489767 |
+------------+----------------+-----------------------------+------------+
|         19 |        322.291 |                          19 |   0.489767 |
+------------+----------------+-----------------------------+------------+
|         20 |        306.176 |                          20 |   0.489767 |
+------------+----------------+-----------------------------+------------+


Trapped Ion (5 qubit clusters)
Calculating runtime for 1024 shots...

+------------+----------------+-----------------------------+------------+
|   # Copies |   Runtime (us) |   Speedup (single/parallel) |   Fidelity |
+============+================+=============================+============+
|          1 |       6123.52  |                           1 |   0.489767 |
+------------+----------------+-----------------------------+------------+
|          2 |       3061.76  |                           2 |   0.489767 |
+------------+----------------+-----------------------------+------------+
|          3 |       2041.17  |                           3 |   0.489767 |
+------------+----------------+-----------------------------+------------+
|          4 |       1530.88  |                           4 |   0.489767 |
+------------+----------------+-----------------------------+------------+
|          5 |       1224.7   |                           5 |   0.489767 |
+------------+----------------+-----------------------------+------------+
|          6 |       1020.59  |                           6 |   0.489767 |
+------------+----------------+-----------------------------+------------+
|          7 |        874.789 |                           7 |   0.489767 |
+------------+----------------+-----------------------------+------------+
|          8 |        765.44  |                           8 |   0.489767 |
+------------+----------------+-----------------------------+------------+
|          9 |        680.391 |                           9 |   0.489767 |
+------------+----------------+-----------------------------+------------+
|         10 |        612.352 |                          10 |   0.489767 |
+------------+----------------+-----------------------------+------------+
|         11 |        556.684 |                          11 |   0.489767 |
+------------+----------------+-----------------------------+------------+
|         12 |        510.293 |                          12 |   0.489767 |
+------------+----------------+-----------------------------+------------+
|         13 |        471.04  |                          13 |   0.489767 |
+------------+----------------+-----------------------------+------------+
|         14 |        437.394 |                          14 |   0.489767 |
+------------+----------------+-----------------------------+------------+
|         15 |        408.235 |                          15 |   0.489767 |
+------------+----------------+-----------------------------+------------+
|         16 |        382.72  |                          16 |   0.489767 |
+------------+----------------+-----------------------------+------------+
|         17 |        360.207 |                          17 |   0.489767 |
+------------+----------------+-----------------------------+------------+
|         18 |        340.196 |                          18 |   0.489767 |
+------------+----------------+-----------------------------+------------+
|         19 |        322.291 |                          19 |   0.489767 |
+------------+----------------+-----------------------------+------------+
|         20 |        306.176 |                          20 |   0.489767 |
+------------+----------------+-----------------------------+------------+
