    +----------------------------------------------+
    |    Resource and Fidelity Utility for QAOA    |
    |                                              |
    |          CS639 FINAL COURSE PROJECT          |
    +----------------------------------------------+

Verbose: 1

QAOA problem size is 5 qubits running 1 - 20 circuits in parallel.
+------+-----------+-----------+----------+---------+-------------+-----------+------------------+---------------+-------------+----------------+
|   ID | Bnchmrk   |   # Qubit |   # Gate |   Depth |   Cost (us) | Prllsm?   |   Copy Cost (us) |   # Prlll cps |   SWAP ovhd |   Net Fidelity |
+======+===========+===========+==========+=========+=============+===========+==================+===============+=============+================+
|    1 | qaoa      |         5 |     52   |    26.1 |       6.608 | False     |         6.608    |             1 |         1   |       0.43771  |
+------+-----------+-----------+----------+---------+-------------+-----------+------------------+---------------+-------------+----------------+
|    2 | qaoa      |         5 |    104   |    27.4 |       6.776 | True      |         3.388    |             2 |         2   |       0.43771  |
+------+-----------+-----------+----------+---------+-------------+-----------+------------------+---------------+-------------+----------------+
|    3 | qaoa      |         5 |    156   |    28.4 |       6.86  | True      |         2.28667  |             3 |         3   |       0.43771  |
+------+-----------+-----------+----------+---------+-------------+-----------+------------------+---------------+-------------+----------------+
|    4 | qaoa      |         5 |    208   |    29.5 |       6.86  | True      |         1.715    |             4 |         4   |       0.43771  |
+------+-----------+-----------+----------+---------+-------------+-----------+------------------+---------------+-------------+----------------+
|    5 | qaoa      |         5 |    260.4 |    30.5 |       6.976 | True      |         1.3952   |             5 |         5.4 |       0.436125 |
+------+-----------+-----------+----------+---------+-------------+-----------+------------------+---------------+-------------+----------------+
|    6 | qaoa      |         5 |    313   |    32.3 |       7.34  | True      |         1.22333  |             6 |         7   |       0.434414 |
+------+-----------+-----------+----------+---------+-------------+-----------+------------------+---------------+-------------+----------------+
|    7 | qaoa      |         5 |    365.9 |    34.8 |       7.984 | True      |         1.14057  |             7 |         8.9 |       0.432356 |
+------+-----------+-----------+----------+---------+-------------+-----------+------------------+---------------+-------------+----------------+
|    8 | qaoa      |         5 |    418.5 |    34.4 |       7.764 | True      |         0.9705   |             8 |        10.5 |       0.431551 |
+------+-----------+-----------+----------+---------+-------------+-----------+------------------+---------------+-------------+----------------+
|    9 | qaoa      |         5 |    472.2 |    40.3 |       8.812 | True      |         0.979111 |             9 |        13.2 |       0.428545 |
+------+-----------+-----------+----------+---------+-------------+-----------+------------------+---------------+-------------+----------------+
|   10 | qaoa      |         5 |    525.1 |    37.5 |       8.532 | True      |         0.8532   |            10 |        15.1 |       0.427704 |
+------+-----------+-----------+----------+---------+-------------+-----------+------------------+---------------+-------------+----------------+
|   11 | qaoa      |         5 |    577.9 |    38.8 |       8.332 | True      |         0.757455 |            11 |        16.9 |       0.427193 |
+------+-----------+-----------+----------+---------+-------------+-----------+------------------+---------------+-------------+----------------+
|   12 | qaoa      |         5 |    631.2 |    40   |       8.78  | True      |         0.731667 |            12 |        19.2 |       0.425962 |
+------+-----------+-----------+----------+---------+-------------+-----------+------------------+---------------+-------------+----------------+
|   13 | qaoa      |         5 |    685.3 |    42.9 |       8.908 | True      |         0.685231 |            13 |        22.3 |       0.42374  |
+------+-----------+-----------+----------+---------+-------------+-----------+------------------+---------------+-------------+----------------+
|   14 | qaoa      |         5 |    737.6 |    44.6 |       9.552 | True      |         0.682286 |            14 |        23.6 |       0.42431  |
+------+-----------+-----------+----------+---------+-------------+-----------+------------------+---------------+-------------+----------------+
|   15 | qaoa      |         5 |    791.1 |    46.5 |       9.752 | True      |         0.650133 |            15 |        26.1 |       0.423267 |
+------+-----------+-----------+----------+---------+-------------+-----------+------------------+---------------+-------------+----------------+
|   16 | qaoa      |         5 |    845.6 |    47.5 |      10.156 | True      |         0.63475  |            16 |        29.6 |       0.421161 |
+------+-----------+-----------+----------+---------+-------------+-----------+------------------+---------------+-------------+----------------+
|   17 | qaoa      |         5 |    898.8 |    52.4 |      11.52  | True      |         0.677647 |            17 |        31.8 |       0.420768 |
+------+-----------+-----------+----------+---------+-------------+-----------+------------------+---------------+-------------+----------------+
|   18 | qaoa      |         5 |    952.8 |    49.1 |       9.752 | True      |         0.541778 |            18 |        34.8 |       0.419573 |
+------+-----------+-----------+----------+---------+-------------+-----------+------------------+---------------+-------------+----------------+
|   19 | qaoa      |         5 |   1010   |    53   |      10.952 | True      |         0.576421 |            19 |        41   |       0.415323 |
+------+-----------+-----------+----------+---------+-------------+-----------+------------------+---------------+-------------+----------------+
|   20 | qaoa      |         5 |   1060.8 |    49.9 |      10.048 | True      |         0.5024   |            20 |        40.8 |       0.417549 |
+------+-----------+-----------+----------+---------+-------------+-----------+------------------+---------------+-------------+----------------+
Calculating runtime for 1024 shots...

+------------+----------------+-----------------------------+------------+
|   # Copies |   Runtime (us) |   Speedup (single/parallel) |   Fidelity |
+============+================+=============================+============+
|          1 |       6766.59  |                     1       |   0.43771  |
+------------+----------------+-----------------------------+------------+
|          2 |       3469.31  |                     1.95041 |   0.43771  |
+------------+----------------+-----------------------------+------------+
|          3 |       2341.55  |                     2.8898  |   0.43771  |
+------------+----------------+-----------------------------+------------+
|          4 |       1756.16  |                     3.85306 |   0.43771  |
+------------+----------------+-----------------------------+------------+
|          5 |       1428.68  |                     4.73624 |   0.436125 |
+------------+----------------+-----------------------------+------------+
|          6 |       1252.69  |                     5.40163 |   0.434414 |
+------------+----------------+-----------------------------+------------+
|          7 |       1167.95  |                     5.79359 |   0.432356 |
+------------+----------------+-----------------------------+------------+
|          8 |        993.792 |                     6.80886 |   0.431551 |
+------------+----------------+-----------------------------+------------+
|          9 |       1002.61  |                     6.74898 |   0.428545 |
+------------+----------------+-----------------------------+------------+
|         10 |        873.677 |                     7.74496 |   0.427704 |
+------------+----------------+-----------------------------+------------+
|         11 |        775.633 |                     8.72396 |   0.427193 |
+------------+----------------+-----------------------------+------------+
|         12 |        749.227 |                     9.03144 |   0.425962 |
+------------+----------------+-----------------------------+------------+
|         13 |        701.676 |                     9.64347 |   0.42374  |
+------------+----------------+-----------------------------+------------+
|         14 |        698.661 |                     9.68509 |   0.42431  |
+------------+----------------+-----------------------------+------------+
|         15 |        665.737 |                    10.1641  |   0.423267 |
+------------+----------------+-----------------------------+------------+
|         16 |        649.984 |                    10.4104  |   0.421161 |
+------------+----------------+-----------------------------+------------+
|         17 |        693.911 |                     9.75139 |   0.420768 |
+------------+----------------+-----------------------------+------------+
|         18 |        554.78  |                    12.1969  |   0.419573 |
+------------+----------------+-----------------------------+------------+
|         19 |        590.255 |                    11.4638  |   0.415323 |
+------------+----------------+-----------------------------+------------+
|         20 |        514.458 |                    13.1529  |   0.417549 |
+------------+----------------+-----------------------------+------------+
