    +----------------------------------------------+
    |   CHRONOSCOPE: Quantum Resource Estimation   |
    |                                              |
    |          CS639 FINAL COURSE PROJECT          |
    +----------------------------------------------+

Verbose: 0

qft problem size is 12 qubits running 1 - 8 circuits in parallel.


Mesh (100 qubit)
Calculating runtime for 1024 shots...

+------------+----------------+-----------------------------+------------+
|   # Copies |   Runtime (us) |   Speedup (single/parallel) |   Fidelity |
+============+================+=============================+============+
|          1 |    3.36794e+07 |                     1       | 0.00751738 |
+------------+----------------+-----------------------------+------------+
|          2 |    1.63072e+07 |                     2.06531 | 0.00627049 |
+------------+----------------+-----------------------------+------------+
|          3 |    1.14262e+07 |                     2.94755 | 0.00572689 |
+------------+----------------+-----------------------------+------------+
|          4 |    8.84992e+06 |                     3.80561 | 0.00523041 |
+------------+----------------+-----------------------------+------------+
|          5 |    7.00075e+06 |                     4.81082 | 0.00456522 |
+------------+----------------+-----------------------------+------------+
|          6 |    7.53255e+06 |                     4.47118 | 0.00439595 |
+------------+----------------+-----------------------------+------------+
|          7 |    5.78151e+06 |                     5.82536 | 0.00385765 |
+------------+----------------+-----------------------------+------------+
|          8 |    4.78848e+06 |                     7.03341 | 0.00353752 |
+------------+----------------+-----------------------------+------------+


Trapped Ion (10 qubit clusters)
Calculating runtime for 1024 shots...

+------------+----------------+-----------------------------+------------+
|   # Copies |   Runtime (us) |   Speedup (single/parallel) |   Fidelity |
+============+================+=============================+============+
|          1 |    1.34042e+07 |                     1       |  0.0351213 |
+------------+----------------+-----------------------------+------------+
|          2 |    1.19347e+07 |                     1.12312 |  0.0292958 |
+------------+----------------+-----------------------------+------------+
|          3 |    9.43578e+06 |                     1.42057 |  0.0271636 |
+------------+----------------+-----------------------------+------------+
|          4 |    7.40096e+06 |                     1.81114 |  0.0255701 |
+------------+----------------+-----------------------------+------------+
|          5 |    6.48825e+06 |                     2.06591 |  0.0262752 |
+------------+----------------+-----------------------------+------------+
|          6 |    4.97439e+06 |                     2.69463 |  0.0279972 |
+------------+----------------+-----------------------------+------------+
|          7 |    4.34679e+06 |                     3.08369 |  0.02693   |
+------------+----------------+-----------------------------+------------+
|          8 |    3.83104e+06 |                     3.49883 |  0.0267561 |
+------------+----------------+-----------------------------+------------+


Trapped Ion (5 qubit clusters)
Calculating runtime for 1024 shots...

+------------+----------------+-----------------------------+------------+
|   # Copies |   Runtime (us) |   Speedup (single/parallel) |   Fidelity |
+============+================+=============================+============+
|          1 |    2.68595e+07 |                     1       | 0.0148401  |
+------------+----------------+-----------------------------+------------+
|          2 |    1.4976e+07  |                     1.7935  | 0.0121011  |
+------------+----------------+-----------------------------+------------+
|          3 |    1.13852e+07 |                     2.35917 | 0.0100179  |
+------------+----------------+-----------------------------+------------+
|          4 |    8.6656e+06  |                     3.09956 | 0.00911495 |
+------------+----------------+-----------------------------+------------+
|          5 |    6.93925e+06 |                     3.87067 | 0.00934512 |
+------------+----------------+-----------------------------+------------+
|          6 |    5.76783e+06 |                     4.65678 | 0.00887703 |
+------------+----------------+-----------------------------+------------+
|          7 |    5.58159e+06 |                     4.81216 | 0.00802042 |
+------------+----------------+-----------------------------+------------+
|          8 |    4.84992e+06 |                     5.53814 | 0.00804643 |
+------------+----------------+-----------------------------+------------+
Analysis done.
