    +----------------------------------------------+
    |   CHRONOSCOPE: Quantum Resource Estimation   |
    |                                              |
    |          CS639 FINAL COURSE PROJECT          |
    +----------------------------------------------+

Verbose: 0

qft problem size is 26 qubits running 1 - 3 circuits in parallel.


Mesh (100 qubit)
Calculating runtime for 1024 shots...

+------------+----------------+-----------------------------+-------------+
|   # Copies |   Runtime (us) |   Speedup (single/parallel) |    Fidelity |
+============+================+=============================+=============+
|          1 |    8.66816e+07 |                     1       | 1.99686e-10 |
+------------+----------------+-----------------------------+-------------+
|          2 |    4.68429e+07 |                     1.85048 | 7.70602e-11 |
+------------+----------------+-----------------------------+-------------+
|          3 |    3.49285e+07 |                     2.48169 | 3.56515e-11 |
+------------+----------------+-----------------------------+-------------+


Trapped Ion (10 qubit clusters)
Calculating runtime for 1024 shots...

+------------+----------------+-----------------------------+-------------+
|   # Copies |   Runtime (us) |   Speedup (single/parallel) |    Fidelity |
+============+================+=============================+=============+
|          1 |    1.02472e+08 |                     1       | 4.40163e-08 |
+------------+----------------+-----------------------------+-------------+
|          2 |    5.54957e+07 |                     1.84648 | 2.17971e-08 |
+------------+----------------+-----------------------------+-------------+
|          3 |    3.78286e+07 |                     2.70884 | 1.75075e-08 |
+------------+----------------+-----------------------------+-------------+


Trapped Ion (5 qubit clusters)
Calculating runtime for 1024 shots...

+------------+----------------+-----------------------------+-------------+
|   # Copies |   Runtime (us) |   Speedup (single/parallel) |    Fidelity |
+============+================+=============================+=============+
|          1 |    1.1009e+08  |                     1       | 2.74275e-10 |
+------------+----------------+-----------------------------+-------------+
|          2 |    6.1271e+07  |                     1.79677 | 4.47233e-11 |
+------------+----------------+-----------------------------+-------------+
|          3 |    4.00174e+07 |                     2.75106 | 1.50641e-11 |
+------------+----------------+-----------------------------+-------------+
Analysis done.
