    +----------------------------------------------+
    |   CHRONOSCOPE: Quantum Resource Estimation   |
    |                                              |
    |          CS639 FINAL COURSE PROJECT          |
    +----------------------------------------------+

Verbose: 0

qft problem size is 27 qubits running 1 - 3 circuits in parallel.


Mesh (100 qubit)
Calculating runtime for 1024 shots...

+------------+----------------+-----------------------------+-------------+
|   # Copies |   Runtime (us) |   Speedup (single/parallel) |    Fidelity |
+============+================+=============================+=============+
|          1 |    7.72608e+07 |                     1       | 4.94223e-11 |
+------------+----------------+-----------------------------+-------------+
|          2 |    5.04474e+07 |                     1.53151 | 1.62737e-11 |
+------------+----------------+-----------------------------+-------------+
|          3 |    6.01817e+07 |                     1.28379 | 9.23304e-12 |
+------------+----------------+-----------------------------+-------------+


Trapped Ion (10 qubit clusters)
Calculating runtime for 1024 shots...

+------------+----------------+-----------------------------+-------------+
|   # Copies |   Runtime (us) |   Speedup (single/parallel) |    Fidelity |
+============+================+=============================+=============+
|          1 |    1.182e+08   |                     1       | 1.87709e-08 |
+------------+----------------+-----------------------------+-------------+
|          2 |    6.22131e+07 |                     1.89993 | 6.0423e-09  |
+------------+----------------+-----------------------------+-------------+
|          3 |    4.42787e+07 |                     2.66946 | 4.01773e-09 |
+------------+----------------+-----------------------------+-------------+


Trapped Ion (5 qubit clusters)
Calculating runtime for 1024 shots...

+------------+----------------+-----------------------------+-------------+
|   # Copies |   Runtime (us) |   Speedup (single/parallel) |    Fidelity |
+============+================+=============================+=============+
|          1 |    1.09005e+08 |                     1       | 5.66236e-11 |
+------------+----------------+-----------------------------+-------------+
|          2 |    6.43328e+07 |                     1.69439 | 5.23846e-12 |
+------------+----------------+-----------------------------+-------------+
|          3 |    4.33006e+07 |                     2.5174  | 3.78515e-12 |
+------------+----------------+-----------------------------+-------------+
Analysis done.
