    +----------------------------------------------+
    |   CHRONOSCOPE: Quantum Resource Estimation   |
    |                                              |
    |          CS639 FINAL COURSE PROJECT          |
    +----------------------------------------------+

Verbose: 0

qft problem size is 16 qubits running 1 - 6 circuits in parallel.


Mesh (100 qubit)
Calculating runtime for 1024 shots...

+------------+----------------+-----------------------------+-------------+
|   # Copies |   Runtime (us) |   Speedup (single/parallel) |    Fidelity |
+============+================+=============================+=============+
|          1 |    4.20352e+07 |                     1       | 0.000128391 |
+------------+----------------+-----------------------------+-------------+
|          2 |    2.24102e+07 |                     1.87571 | 9.13798e-05 |
+------------+----------------+-----------------------------+-------------+
|          3 |    1.74865e+07 |                     2.40387 | 7.22956e-05 |
+------------+----------------+-----------------------------+-------------+
|          4 |    1.4441e+07  |                     2.91083 | 5.80681e-05 |
+------------+----------------+-----------------------------+-------------+
|          5 |    1.14984e+07 |                     3.65573 | 4.7782e-05  |
+------------+----------------+-----------------------------+-------------+
|          6 |    1.17152e+07 |                     3.58809 | 3.47351e-05 |
+------------+----------------+-----------------------------+-------------+


Trapped Ion (10 qubit clusters)
Calculating runtime for 1024 shots...

+------------+----------------+-----------------------------+-------------+
|   # Copies |   Runtime (us) |   Speedup (single/parallel) |    Fidelity |
+============+================+=============================+=============+
|          1 |    3.94752e+07 |                     1       | 0.00223402  |
+------------+----------------+-----------------------------+-------------+
|          2 |    2.56461e+07 |                     1.53923 | 0.0011063   |
+------------+----------------+-----------------------------+-------------+
|          3 |    1.70966e+07 |                     2.30895 | 0.0010815   |
+------------+----------------+-----------------------------+-------------+
|          4 |    1.37242e+07 |                     2.87633 | 0.000922799 |
+------------+----------------+-----------------------------+-------------+
|          5 |    1.08096e+07 |                     3.65185 | 0.00118416  |
+------------+----------------+-----------------------------+-------------+
|          6 |    8.67825e+06 |                     4.54875 | 0.00109797  |
+------------+----------------+-----------------------------+-------------+


Trapped Ion (5 qubit clusters)
Calculating runtime for 1024 shots...

+------------+----------------+-----------------------------+-------------+
|   # Copies |   Runtime (us) |   Speedup (single/parallel) |    Fidelity |
+============+================+=============================+=============+
|          1 |    4.77491e+07 |                     1       | 0.0003327   |
+------------+----------------+-----------------------------+-------------+
|          2 |    2.71514e+07 |                     1.75863 | 0.000188761 |
+------------+----------------+-----------------------------+-------------+
|          3 |    1.90118e+07 |                     2.51155 | 0.000149339 |
+------------+----------------+-----------------------------+-------------+
|          4 |    1.36883e+07 |                     3.48831 | 0.000102348 |
+------------+----------------+-----------------------------+-------------+
|          5 |    1.21832e+07 |                     3.91928 | 0.000110049 |
+------------+----------------+-----------------------------+-------------+
|          6 |    1.0183e+07  |                     4.68908 | 0.000109551 |
+------------+----------------+-----------------------------+-------------+
Analysis done.
