    +----------------------------------------------+
    |   CHRONOSCOPE: Quantum Resource Estimation   |
    |                                              |
    |          CS639 FINAL COURSE PROJECT          |
    +----------------------------------------------+

Verbose: 0

qft problem size is 7 qubits running 1 - 14 circuits in parallel.


Mesh (100 qubit)
Calculating runtime for 1024 shots...

+------------+----------------+-----------------------------+------------+
|   # Copies |   Runtime (us) |   Speedup (single/parallel) |   Fidelity |
+============+================+=============================+============+
|          1 |    1.27283e+07 |                     1       |   0.216085 |
+------------+----------------+-----------------------------+------------+
|          2 |    6.53824e+06 |                     1.94675 |   0.216085 |
+------------+----------------+-----------------------------+------------+
|          3 |    4.36734e+06 |                     2.91443 |   0.209651 |
+------------+----------------+-----------------------------+------------+
|          4 |    3.58656e+06 |                     3.54889 |   0.195128 |
+------------+----------------+-----------------------------+------------+
|          5 |    2.94175e+06 |                     4.32679 |   0.195571 |
+------------+----------------+-----------------------------+------------+
|          6 |    2.71719e+06 |                     4.68437 |   0.191476 |
+------------+----------------+-----------------------------+------------+
|          7 |    2.36229e+06 |                     5.38813 |   0.18983  |
+------------+----------------+-----------------------------+------------+
|          8 |    1.79072e+06 |                     7.10793 |   0.186478 |
+------------+----------------+-----------------------------+------------+
|          9 |    1.72254e+06 |                     7.38927 |   0.182988 |
+------------+----------------+-----------------------------+------------+
|         10 |    1.94567e+06 |                     6.54187 |   0.181885 |
+------------+----------------+-----------------------------+------------+
|         11 |    1.48802e+06 |                     8.55386 |   0.176567 |
+------------+----------------+-----------------------------+------------+
|         12 |    1.83954e+06 |                     6.9193  |   0.174877 |
+------------+----------------+-----------------------------+------------+
|         13 |    1.25215e+06 |                    10.1652  |   0.169867 |
+------------+----------------+-----------------------------+------------+
|         14 |    1.52662e+06 |                     8.33758 |   0.166764 |
+------------+----------------+-----------------------------+------------+


Trapped Ion (10 qubit clusters)
Calculating runtime for 1024 shots...

+------------+------------------+-----------------------------+------------+
|   # Copies |     Runtime (us) |   Speedup (single/parallel) |   Fidelity |
+============+==================+=============================+============+
|          1 |      6.72768e+06 |                     1       |   0.310567 |
+------------+------------------+-----------------------------+------------+
|          2 |      3.36384e+06 |                     2       |   0.310567 |
+------------+------------------+-----------------------------+------------+
|          3 |      2.24694e+06 |                     2.99415 |   0.310567 |
+------------+------------------+-----------------------------+------------+
|          4 |      1.68192e+06 |                     4       |   0.310567 |
+------------+------------------+-----------------------------+------------+
|          5 |      1.34685e+06 |                     4.99512 |   0.310567 |
+------------+------------------+-----------------------------+------------+
|          6 |      1.12347e+06 |                     5.9883  |   0.310567 |
+------------+------------------+-----------------------------+------------+
|          7 | 965790           |                     6.96599 |   0.310567 |
+------------+------------------+-----------------------------+------------+
|          8 | 840960           |                     8       |   0.310567 |
+------------+------------------+-----------------------------+------------+
|          9 | 748980           |                     8.98246 |   0.310567 |
+------------+------------------+-----------------------------+------------+
|         10 | 676710           |                     9.94175 |   0.310567 |
+------------+------------------+-----------------------------+------------+
|         11 |      1.0763e+06  |                     6.25075 |   0.287173 |
+------------+------------------+-----------------------------+------------+
|         12 | 984700           |                     6.83221 |   0.282574 |
+------------+------------------+-----------------------------+------------+
|         13 |      1.05939e+06 |                     6.35052 |   0.27874  |
+------------+------------------+-----------------------------+------------+
|         14 |      1.0101e+06  |                     6.66041 |   0.279087 |
+------------+------------------+-----------------------------+------------+


Trapped Ion (5 qubit clusters)
Calculating runtime for 1024 shots...

+------------+----------------+-----------------------------+------------+
|   # Copies |   Runtime (us) |   Speedup (single/parallel) |   Fidelity |
+============+================+=============================+============+
|          1 |    9.00096e+06 |                     1       |   0.27107  |
+------------+----------------+-----------------------------+------------+
|          2 |    6.94784e+06 |                     1.2955  |   0.22104  |
+------------+----------------+-----------------------------+------------+
|          3 |    3.9159e+06  |                     2.29857 |   0.243857 |
+------------+----------------+-----------------------------+------------+
|          4 |    2.9312e+06  |                     3.07074 |   0.253247 |
+------------+----------------+-----------------------------+------------+
|          5 |    2.46205e+06 |                     3.65588 |   0.240926 |
+------------+----------------+-----------------------------+------------+
|          6 |    2.05371e+06 |                     4.38278 |   0.242021 |
+------------+----------------+-----------------------------+------------+
|          7 |    1.75665e+06 |                     5.12393 |   0.244384 |
+------------+----------------+-----------------------------+------------+
|          8 |    1.72928e+06 |                     5.20503 |   0.239293 |
+------------+----------------+-----------------------------+------------+
|          9 |    1.51278e+06 |                     5.94995 |   0.238992 |
+------------+----------------+-----------------------------+------------+
|         10 |    1.42449e+06 |                     6.31872 |   0.237671 |
+------------+----------------+-----------------------------+------------+
|         11 |    1.2831e+06  |                     7.01501 |   0.238555 |
+------------+----------------+-----------------------------+------------+
|         12 |    1.15326e+06 |                     7.8048  |   0.234815 |
+------------+----------------+-----------------------------+------------+
|         13 |    1.18737e+06 |                     7.58059 |   0.237423 |
+------------+----------------+-----------------------------+------------+
|         14 |    1.12554e+06 |                     7.99701 |   0.236596 |
+------------+----------------+-----------------------------+------------+
Analysis done.
