    +----------------------------------------------+
    |   CHRONOSCOPE: Quantum Resource Estimation   |
    |                                              |
    |          CS639 FINAL COURSE PROJECT          |
    +----------------------------------------------+

Verbose: 0

qaoa problem size is 17 qubits running 1 - 5 circuits in parallel.


Mesh (100 qubit)
Calculating runtime for 1024 shots...

+------------+----------------+-----------------------------+------------+
|   # Copies |   Runtime (us) |   Speedup (single/parallel) |   Fidelity |
+============+================+=============================+============+
|          1 |    5.10976e+06 |                     1       |  0.109685  |
+------------+----------------+-----------------------------+------------+
|          2 |    2.90304e+06 |                     1.76014 |  0.104823  |
+------------+----------------+-----------------------------+------------+
|          3 |    1.93914e+06 |                     2.63507 |  0.101702  |
+------------+----------------+-----------------------------+------------+
|          4 |    2.0864e+06  |                     2.44908 |  0.0935897 |
+------------+----------------+-----------------------------+------------+
|          5 |    1.58875e+06 |                     3.21621 |  0.0835602 |
+------------+----------------+-----------------------------+------------+


Trapped Ion (10 qubit clusters)
Calculating runtime for 1024 shots...

+------------+----------------+-----------------------------+------------+
|   # Copies |   Runtime (us) |   Speedup (single/parallel) |   Fidelity |
+============+================+=============================+============+
|          1 |    6.25664e+06 |                     1       |   0.114773 |
+------------+----------------+-----------------------------+------------+
|          2 |    3.12832e+06 |                     2       |   0.1122   |
+------------+----------------+-----------------------------+------------+
|          3 |    2.23326e+06 |                     2.80157 |   0.109685 |
+------------+----------------+-----------------------------+------------+
|          4 |    1.67168e+06 |                     3.74273 |   0.110935 |
+------------+----------------+-----------------------------+------------+
|          5 |    1.25255e+06 |                     4.99512 |   0.109685 |
+------------+----------------+-----------------------------+------------+


Trapped Ion (5 qubit clusters)
Calculating runtime for 1024 shots...

+------------+----------------+-----------------------------+------------+
|   # Copies |   Runtime (us) |   Speedup (single/parallel) |   Fidelity |
+============+================+=============================+============+
|          1 |    6.25664e+06 |                     1       |  0.0874361 |
+------------+----------------+-----------------------------+------------+
|          2 |    3.51744e+06 |                     1.77875 |  0.089441  |
+------------+----------------+-----------------------------+------------+
|          3 |    2.3427e+06  |                     2.6707  |  0.0887676 |
+------------+----------------+-----------------------------+------------+
|          4 |    1.74336e+06 |                     3.58884 |  0.0874361 |
+------------+----------------+-----------------------------+------------+
|          5 |    1.59695e+06 |                     3.91787 |  0.0906659 |
+------------+----------------+-----------------------------+------------+
Analysis done.
