    +----------------------------------------------+
    |   CHRONOSCOPE: Quantum Resource Estimation   |
    |                                              |
    |          CS639 FINAL COURSE PROJECT          |
    +----------------------------------------------+

Verbose: 0

qaoa problem size is 10 qubits running 1 - 10 circuits in parallel.


Mesh (100 qubit)
Calculating runtime for 1024 shots...

+------------+------------------+-----------------------------+------------+
|   # Copies |     Runtime (us) |   Speedup (single/parallel) |   Fidelity |
+============+==================+=============================+============+
|          1 |      5.13024e+06 |                     1       |   0.274504 |
+------------+------------------+-----------------------------+------------+
|          2 |      2.56512e+06 |                     2       |   0.274504 |
+------------+------------------+-----------------------------+------------+
|          3 |      1.7955e+06  |                     2.85728 |   0.274504 |
+------------+------------------+-----------------------------+------------+
|          4 |      1.344e+06   |                     3.81714 |   0.27141  |
+------------+------------------+-----------------------------+------------+
|          5 |      1.44115e+06 |                     3.55982 |   0.26957  |
+------------+------------------+-----------------------------+------------+
|          6 |      1.17819e+06 |                     4.35434 |   0.264325 |
+------------+------------------+-----------------------------+------------+
|          7 |      1.07163e+06 |                     4.78732 |   0.26404  |
+------------+------------------+-----------------------------+------------+
|          8 | 879360           |                     5.83406 |   0.256455 |
+------------+------------------+-----------------------------+------------+
|          9 | 753540           |                     6.80819 |   0.25581  |
+------------+------------------+-----------------------------+------------+
|         10 | 849750           |                     6.03735 |   0.249572 |
+------------+------------------+-----------------------------+------------+


Trapped Ion (10 qubit clusters)
Calculating runtime for 1024 shots...

+------------+------------------+-----------------------------+------------+
|   # Copies |     Runtime (us) |   Speedup (single/parallel) |   Fidelity |
+============+==================+=============================+============+
|          1 |      4.31104e+06 |                     1       |   0.314501 |
+------------+------------------+-----------------------------+------------+
|          2 |      2.15552e+06 |                     2       |   0.314501 |
+------------+------------------+-----------------------------+------------+
|          3 |      1.43982e+06 |                     2.99415 |   0.314501 |
+------------+------------------+-----------------------------+------------+
|          4 |      1.07776e+06 |                     4       |   0.314501 |
+------------+------------------+-----------------------------+------------+
|          5 | 863050           |                     4.99512 |   0.314501 |
+------------+------------------+-----------------------------+------------+
|          6 | 719910           |                     5.9883  |   0.314501 |
+------------+------------------+-----------------------------+------------+
|          7 | 618870           |                     6.96599 |   0.314501 |
+------------+------------------+-----------------------------+------------+
|          8 | 538880           |                     8       |   0.314501 |
+------------+------------------+-----------------------------+------------+
|          9 | 479940           |                     8.98246 |   0.314501 |
+------------+------------------+-----------------------------+------------+
|         10 | 433630           |                     9.94175 |   0.314501 |
+------------+------------------+-----------------------------+------------+


Trapped Ion (5 qubit clusters)
Calculating runtime for 1024 shots...

+------------+------------------+-----------------------------+------------+
|   # Copies |     Runtime (us) |   Speedup (single/parallel) |   Fidelity |
+============+==================+=============================+============+
|          1 |      5.376e+06   |                     1       |   0.274504 |
+------------+------------------+-----------------------------+------------+
|          2 |      2.4832e+06  |                     2.16495 |   0.280798 |
+------------+------------------+-----------------------------+------------+
|          3 |      1.80234e+06 |                     2.98279 |   0.278684 |
+------------+------------------+-----------------------------+------------+
|          4 |      1.34912e+06 |                     3.98482 |   0.283999 |
+------------+------------------+-----------------------------+------------+
|          5 |      1.14595e+06 |                     4.6913  |   0.282074 |
+------------+------------------+-----------------------------+------------+
|          6 | 955890           |                     5.62408 |   0.278684 |
+------------+------------------+-----------------------------+------------+
|          7 | 821730           |                     6.54229 |   0.281709 |
+------------+------------------+-----------------------------+------------+
|          8 | 674560           |                     7.96964 |   0.283999 |
+------------+------------------+-----------------------------+------------+
|          9 | 648660           |                     8.28785 |   0.284357 |
+------------+------------------+-----------------------------+------------+
|         10 | 586070           |                     9.17297 |   0.282074 |
+------------+------------------+-----------------------------+------------+
Analysis done.
