    +----------------------------------------------+
    |   CHRONOSCOPE: Quantum Resource Estimation   |
    |                                              |
    |          CS639 FINAL COURSE PROJECT          |
    +----------------------------------------------+

Verbose: 0

qft problem size is 11 qubits running 1 - 9 circuits in parallel.


Mesh (100 qubit)
Calculating runtime for 1024 shots...

+------------+----------------+-----------------------------+------------+
|   # Copies |   Runtime (us) |   Speedup (single/parallel) |   Fidelity |
+============+================+=============================+============+
|          1 |    2.85389e+07 |                     1       | 0.0185514  |
+------------+----------------+-----------------------------+------------+
|          2 |    1.4464e+07  |                     1.9731  | 0.0151275  |
+------------+----------------+-----------------------------+------------+
|          3 |    1.01882e+07 |                     2.80118 | 0.0141329  |
+------------+----------------+-----------------------------+------------+
|          4 |    7.12448e+06 |                     4.00575 | 0.0133541  |
+------------+----------------+-----------------------------+------------+
|          5 |    6.55795e+06 |                     4.3518  | 0.0122241  |
+------------+----------------+-----------------------------+------------+
|          6 |    5.98329e+06 |                     4.76976 | 0.0116999  |
+------------+----------------+-----------------------------+------------+
|          7 |    5.99907e+06 |                     4.75722 | 0.0108367  |
+------------+----------------+-----------------------------+------------+
|          8 |    6.23488e+06 |                     4.57729 | 0.00961289 |
+------------+----------------+-----------------------------+------------+
|          9 |    4.08918e+06 |                     6.97912 | 0.00949257 |
+------------+----------------+-----------------------------+------------+


Trapped Ion (10 qubit clusters)
Calculating runtime for 1024 shots...

+------------+----------------+-----------------------------+------------+
|   # Copies |   Runtime (us) |   Speedup (single/parallel) |   Fidelity |
+============+================+=============================+============+
|          1 |    1.08646e+07 |                     1       |  0.066029  |
+------------+----------------+-----------------------------+------------+
|          2 |    7.49056e+06 |                     1.45044 |  0.0616875 |
+------------+----------------+-----------------------------+------------+
|          3 |    5.03766e+06 |                     2.15668 |  0.0621555 |
+------------+----------------+-----------------------------+------------+
|          4 |    5.46048e+06 |                     1.98969 |  0.0532354 |
+------------+----------------+-----------------------------+------------+
|          5 |    5.68055e+06 |                     1.9126  |  0.0451157 |
+------------+----------------+-----------------------------+------------+
|          6 |    4.15701e+06 |                     2.61357 |  0.0442379 |
+------------+----------------+-----------------------------+------------+
|          7 |    3.87345e+06 |                     2.8049  |  0.0450573 |
+------------+----------------+-----------------------------+------------+
|          8 |    3.26784e+06 |                     3.32472 |  0.0483456 |
+------------+----------------+-----------------------------+------------+
|          9 |    2.94918e+06 |                     3.68395 |  0.0492986 |
+------------+----------------+-----------------------------+------------+


Trapped Ion (5 qubit clusters)
Calculating runtime for 1024 shots...

+------------+----------------+-----------------------------+------------+
|   # Copies |   Runtime (us) |   Speedup (single/parallel) |   Fidelity |
+============+================+=============================+============+
|          1 |    2.39923e+07 |                     1       |  0.0319649 |
+------------+----------------+-----------------------------+------------+
|          2 |    1.37165e+07 |                     1.74916 |  0.025481  |
+------------+----------------+-----------------------------+------------+
|          3 |    9.6957e+06  |                     2.47453 |  0.0209357 |
+------------+----------------+-----------------------------+------------+
|          4 |    7.93344e+06 |                     3.0242  |  0.0196332 |
+------------+----------------+-----------------------------+------------+
|          5 |    5.64775e+06 |                     4.24812 |  0.0218407 |
+------------+----------------+-----------------------------+------------+
|          6 |    5.17275e+06 |                     4.63821 |  0.0206217 |
+------------+----------------+-----------------------------+------------+
|          7 |    4.71429e+06 |                     5.08928 |  0.0196651 |
+------------+----------------+-----------------------------+------------+
|          8 |    3.99232e+06 |                     6.00962 |  0.0185514 |
+------------+----------------+-----------------------------+------------+
|          9 |    3.65598e+06 |                     6.56249 |  0.0196085 |
+------------+----------------+-----------------------------+------------+
Analysis done.
