    +----------------------------------------------+
    |   CHRONOSCOPE: Quantum Resource Estimation   |
    |                                              |
    |          CS639 FINAL COURSE PROJECT          |
    +----------------------------------------------+

Verbose: 0

qaoa problem size is 7 qubits running 1 - 14 circuits in parallel.


Mesh (100 qubit)
Calculating runtime for 1024 shots...

+------------+------------------+-----------------------------+------------+
|   # Copies |     Runtime (us) |   Speedup (single/parallel) |   Fidelity |
+============+==================+=============================+============+
|          1 |      5.10976e+06 |                     1       |   0.411308 |
+------------+------------------+-----------------------------+------------+
|          2 |      2.56512e+06 |                     1.99202 |   0.411308 |
+------------+------------------+-----------------------------+------------+
|          3 |      1.71342e+06 |                     2.9822  |   0.399062 |
+------------+------------------+-----------------------------+------------+
|          4 |      1.28256e+06 |                     3.98403 |   0.402089 |
+------------+------------------+-----------------------------+------------+
|          5 |      1.02705e+06 |                     4.97518 |   0.403916 |
+------------+------------------+-----------------------------+------------+
|          6 |      1.10295e+06 |                     4.63281 |   0.399062 |
+------------+------------------+-----------------------------+------------+
|          7 | 736470           |                     6.93818 |   0.39563  |
+------------+------------------+-----------------------------+------------+
|          8 | 902400           |                     5.66241 |   0.393076 |
+------------+------------------+-----------------------------+------------+
|          9 | 639540           |                     7.98974 |   0.399062 |
+------------+------------------+-----------------------------+------------+
|         10 | 602550           |                     8.48023 |   0.396656 |
+------------+------------------+-----------------------------+------------+
|         11 | 608180           |                     8.40172 |   0.391459 |
+------------+------------------+-----------------------------+------------+
|         12 | 590820           |                     8.64859 |   0.388645 |
+------------+------------------+-----------------------------+------------+
|         13 | 463730           |                    11.0188  |   0.390343 |
+------------+------------------+-----------------------------+------------+
|         14 | 552780           |                     9.24375 |   0.389275 |
+------------+------------------+-----------------------------+------------+


Trapped Ion (10 qubit clusters)
Calculating runtime for 1024 shots...

+------------+------------------+-----------------------------+------------+
|   # Copies |     Runtime (us) |   Speedup (single/parallel) |   Fidelity |
+============+==================+=============================+============+
|          1 |      3.88096e+06 |                     1       |   0.45035  |
+------------+------------------+-----------------------------+------------+
|          2 |      1.94048e+06 |                     2       |   0.45035  |
+------------+------------------+-----------------------------+------------+
|          3 |      1.29618e+06 |                     2.99415 |   0.45035  |
+------------+------------------+-----------------------------+------------+
|          4 | 970240           |                     4       |   0.45035  |
+------------+------------------+-----------------------------+------------+
|          5 | 776950           |                     4.99512 |   0.45035  |
+------------+------------------+-----------------------------+------------+
|          6 | 648090           |                     5.9883  |   0.45035  |
+------------+------------------+-----------------------------+------------+
|          7 | 557130           |                     6.96599 |   0.45035  |
+------------+------------------+-----------------------------+------------+
|          8 | 485120           |                     8       |   0.45035  |
+------------+------------------+-----------------------------+------------+
|          9 | 432060           |                     8.98246 |   0.45035  |
+------------+------------------+-----------------------------+------------+
|         10 | 390370           |                     9.94175 |   0.45035  |
+------------+------------------+-----------------------------+------------+
|         11 | 356260           |                    10.8936  |   0.45035  |
+------------+------------------+-----------------------------+------------+
|         12 | 325940           |                    11.907   |   0.45035  |
+------------+------------------+-----------------------------+------------+
|         13 | 299410           |                    12.962   |   0.45035  |
+------------+------------------+-----------------------------+------------+
|         14 | 326340           |                    11.8924  |   0.441683 |
+------------+------------------+-----------------------------+------------+


Trapped Ion (5 qubit clusters)
Calculating runtime for 1024 shots...

+------------+------------------+-----------------------------+------------+
|   # Copies |     Runtime (us) |   Speedup (single/parallel) |   Fidelity |
+============+==================+=============================+============+
|          1 |      3.88096e+06 |                     1       |   0.45035  |
+------------+------------------+-----------------------------+------------+
|          2 |      1.94048e+06 |                     2       |   0.45035  |
+------------+------------------+-----------------------------+------------+
|          3 |      1.29618e+06 |                     2.99415 |   0.45035  |
+------------+------------------+-----------------------------+------------+
|          4 | 970240           |                     4       |   0.45035  |
+------------+------------------+-----------------------------+------------+
|          5 | 776950           |                     4.99512 |   0.45035  |
+------------+------------------+-----------------------------+------------+
|          6 | 648090           |                     5.9883  |   0.45035  |
+------------+------------------+-----------------------------+------------+
|          7 | 557130           |                     6.96599 |   0.45035  |
+------------+------------------+-----------------------------+------------+
|          8 | 485120           |                     8       |   0.45035  |
+------------+------------------+-----------------------------+------------+
|          9 | 432060           |                     8.98246 |   0.45035  |
+------------+------------------+-----------------------------+------------+
|         10 | 390370           |                     9.94175 |   0.45035  |
+------------+------------------+-----------------------------+------------+
|         11 | 470940           |                     8.24088 |   0.421607 |
+------------+------------------+-----------------------------+------------+
|         12 | 430860           |                     9.00747 |   0.419153 |
+------------+------------------+-----------------------------+------------+
|         13 | 395790           |                     9.8056  |   0.421474 |
+------------+------------------+-----------------------------+------------+
|         14 | 370740           |                    10.4681  |   0.420739 |
+------------+------------------+-----------------------------+------------+
Analysis done.
