    +----------------------------------------------+
    |   CHRONOSCOPE: Quantum Resource Estimation   |
    |                                              |
    |          CS639 FINAL COURSE PROJECT          |
    +----------------------------------------------+

Verbose: 0

qft problem size is 13 qubits running 1 - 7 circuits in parallel.


Mesh (100 qubit)
Calculating runtime for 1024 shots...

+------------+----------------+-----------------------------+------------+
|   # Copies |   Runtime (us) |   Speedup (single/parallel) |   Fidelity |
+============+================+=============================+============+
|          1 |    3.72224e+07 |                     1       | 0.00305835 |
+------------+----------------+-----------------------------+------------+
|          2 |    1.92358e+07 |                     1.93505 | 0.00285726 |
+------------+----------------+-----------------------------+------------+
|          3 |    2.04482e+07 |                     1.82033 | 0.00209601 |
+------------+----------------+-----------------------------+------------+
|          4 |    1.0519e+07  |                     3.53857 | 0.00196561 |
+------------+----------------+-----------------------------+------------+
|          5 |    8.58745e+06 |                     4.33451 | 0.00172734 |
+------------+----------------+-----------------------------+------------+
|          6 |    8.17893e+06 |                     4.55101 | 0.00153757 |
+------------+----------------+-----------------------------+------------+
|          7 |    7.25739e+06 |                     5.1289  | 0.0014615  |
+------------+----------------+-----------------------------+------------+


Trapped Ion (10 qubit clusters)
Calculating runtime for 1024 shots...

+------------+----------------+-----------------------------+------------+
|   # Copies |   Runtime (us) |   Speedup (single/parallel) |   Fidelity |
+============+================+=============================+============+
|          1 |    2.21082e+07 |                     1       |  0.0179246 |
+------------+----------------+-----------------------------+------------+
|          2 |    1.50989e+07 |                     1.46423 |  0.0149514 |
+------------+----------------+-----------------------------+------------+
|          3 |    1.05028e+07 |                     2.10497 |  0.0147272 |
+------------+----------------+-----------------------------+------------+
|          4 |    8.90112e+06 |                     2.48375 |  0.0142887 |
+------------+----------------+-----------------------------+------------+
|          5 |    6.43085e+06 |                     3.43783 |  0.013532  |
+------------+----------------+-----------------------------+------------+
|          6 |    5.82939e+06 |                     3.79253 |  0.0116515 |
+------------+----------------+-----------------------------+------------+
|          7 |    4.98771e+06 |                     4.43253 |  0.0135671 |
+------------+----------------+-----------------------------+------------+


Trapped Ion (5 qubit clusters)
Calculating runtime for 1024 shots...

+------------+----------------+-----------------------------+------------+
|   # Copies |   Runtime (us) |   Speedup (single/parallel) |   Fidelity |
+============+================+=============================+============+
|          1 |    3.31878e+07 |                     1       | 0.0060375  |
+------------+----------------+-----------------------------+------------+
|          2 |    1.77408e+07 |                     1.87071 | 0.00459948 |
+------------+----------------+-----------------------------+------------+
|          3 |    1.22197e+07 |                     2.71594 | 0.00372234 |
+------------+----------------+-----------------------------+------------+
|          4 |    1.04781e+07 |                     3.16736 | 0.00323669 |
+------------+----------------+-----------------------------+------------+
|          5 |    7.99705e+06 |                     4.15001 | 0.00334865 |
+------------+----------------+-----------------------------+------------+
|          6 |    6.63993e+06 |                     4.99822 | 0.00337405 |
+------------+----------------+-----------------------------+------------+
|          7 |    6.33717e+06 |                     5.23701 | 0.00301899 |
+------------+----------------+-----------------------------+------------+
Analysis done.
