    +----------------------------------------------+
    |   CHRONOSCOPE: Quantum Resource Estimation   |
    |                                              |
    |          CS639 FINAL COURSE PROJECT          |
    +----------------------------------------------+

Verbose: 0

qft problem size is 17 qubits running 1 - 5 circuits in parallel.


Mesh (100 qubit)
Calculating runtime for 1024 shots...

+------------+----------------+-----------------------------+-------------+
|   # Copies |   Runtime (us) |   Speedup (single/parallel) |    Fidelity |
+============+================+=============================+=============+
|          1 |    4.25882e+07 |                     1       | 3.84946e-05 |
+------------+----------------+-----------------------------+-------------+
|          2 |    2.57587e+07 |                     1.65335 | 2.61832e-05 |
+------------+----------------+-----------------------------+-------------+
|          3 |    1.78216e+07 |                     2.38969 | 1.94998e-05 |
+------------+----------------+-----------------------------+-------------+
|          4 |    1.64685e+07 |                     2.58604 | 1.64508e-05 |
+------------+----------------+-----------------------------+-------------+
|          5 |    1.47088e+07 |                     2.89543 | 1.20587e-05 |
+------------+----------------+-----------------------------+-------------+


Trapped Ion (10 qubit clusters)
Calculating runtime for 1024 shots...

+------------+----------------+-----------------------------+-------------+
|   # Copies |   Runtime (us) |   Speedup (single/parallel) |    Fidelity |
+============+================+=============================+=============+
|          1 |    4.97562e+07 |                     1       | 0.000803003 |
+------------+----------------+-----------------------------+-------------+
|          2 |    2.65882e+07 |                     1.87137 | 0.000435396 |
+------------+----------------+-----------------------------+-------------+
|          3 |    1.74796e+07 |                     2.84652 | 0.000425636 |
+------------+----------------+-----------------------------+-------------+
|          4 |    1.4103e+07  |                     3.52805 | 0.000371505 |
+------------+----------------+-----------------------------+-------------+
|          5 |    1.18224e+07 |                     4.20865 | 0.000474568 |
+------------+----------------+-----------------------------+-------------+


Trapped Ion (5 qubit clusters)
Calculating runtime for 1024 shots...

+------------+----------------+-----------------------------+-------------+
|   # Copies |   Runtime (us) |   Speedup (single/parallel) |    Fidelity |
+============+================+=============================+=============+
|          1 |    5.61664e+07 |                     1       | 9.11034e-05 |
+------------+----------------+-----------------------------+-------------+
|          2 |    2.94758e+07 |                     1.90551 | 5.28736e-05 |
+------------+----------------+-----------------------------+-------------+
|          3 |    1.94085e+07 |                     2.89391 | 3.90808e-05 |
+------------+----------------+-----------------------------+-------------+
|          4 |    1.77536e+07 |                     3.16366 | 2.47405e-05 |
+------------+----------------+-----------------------------+-------------+
|          5 |    1.27858e+07 |                     4.39286 | 3.3905e-05  |
+------------+----------------+-----------------------------+-------------+
Analysis done.
