    +----------------------------------------------+
    |   CHRONOSCOPE: Quantum Resource Estimation   |
    |                                              |
    |          CS639 FINAL COURSE PROJECT          |
    +----------------------------------------------+

Verbose: 0

qft problem size is 29 qubits running 1 - 3 circuits in parallel.


Mesh (100 qubit)
Calculating runtime for 1024 shots...

+------------+----------------+-----------------------------+-------------+
|   # Copies |   Runtime (us) |   Speedup (single/parallel) |    Fidelity |
+============+================+=============================+=============+
|          1 |    9.73926e+07 |                     1       | 3.3148e-12  |
+------------+----------------+-----------------------------+-------------+
|          2 |    5.72774e+07 |                     1.70037 | 8.12882e-13 |
+------------+----------------+-----------------------------+-------------+
|          3 |    4.62213e+07 |                     2.10709 | 4.71771e-13 |
+------------+----------------+-----------------------------+-------------+


Trapped Ion (10 qubit clusters)
Calculating runtime for 1024 shots...

+------------+----------------+-----------------------------+-------------+
|   # Copies |   Runtime (us) |   Speedup (single/parallel) |    Fidelity |
+============+================+=============================+=============+
|          1 |    1.1392e+08  |                     1       | 2.07312e-09 |
+------------+----------------+-----------------------------+-------------+
|          2 |    6.72307e+07 |                     1.69446 | 7.14296e-10 |
+------------+----------------+-----------------------------+-------------+
|          3 |    4.4867e+07  |                     2.53906 | 4.37075e-10 |
+------------+----------------+-----------------------------+-------------+


Trapped Ion (5 qubit clusters)
Calculating runtime for 1024 shots...

+------------+----------------+-----------------------------+-------------+
|   # Copies |   Runtime (us) |   Speedup (single/parallel) |    Fidelity |
+============+================+=============================+=============+
|          1 |    1.11237e+08 |                     1       | 1.33854e-12 |
+------------+----------------+-----------------------------+-------------+
|          2 |    6.38208e+07 |                     1.74296 | 1.29577e-13 |
+------------+----------------+-----------------------------+-------------+
|          3 |    4.10571e+07 |                     2.70933 | 1.42953e-13 |
+------------+----------------+-----------------------------+-------------+
Analysis done.
