    +----------------------------------------------+
    |   CHRONOSCOPE: Quantum Resource Estimation   |
    |                                              |
    |          CS639 FINAL COURSE PROJECT          |
    +----------------------------------------------+

Verbose: 0

qaoa problem size is 9 qubits running 1 - 11 circuits in parallel.


Mesh (100 qubit)
Calculating runtime for 1024 shots...

+------------+------------------+-----------------------------+------------+
|   # Copies |     Runtime (us) |   Speedup (single/parallel) |   Fidelity |
+============+==================+=============================+============+
|          1 |      4.51584e+06 |                     1       |   0.339103 |
+------------+------------------+-----------------------------+------------+
|          2 |      2.47296e+06 |                     1.82609 |   0.331502 |
+------------+------------------+-----------------------------+------------+
|          3 |      1.65186e+06 |                     2.73379 |   0.334016 |
+------------+------------------+-----------------------------+------------+
|          4 |      1.23648e+06 |                     3.65217 |   0.327765 |
+------------+------------------+-----------------------------+------------+
|          5 |      1.10905e+06 |                     4.07181 |   0.327023 |
+------------+------------------+-----------------------------+------------+
|          6 | 990090           |                     4.56104 |   0.31921  |
+------------+------------------+-----------------------------+------------+
|          7 | 836430           |                     5.39895 |   0.3199   |
+------------+------------------+-----------------------------+------------+
|          8 | 825600           |                     5.46977 |   0.306215 |
+------------+------------------+-----------------------------+------------+
|          9 | 735300           |                     6.14149 |   0.309706 |
+------------+------------------+-----------------------------+------------+
|         10 | 921850           |                     4.89867 |   0.298673 |
+------------+------------------+-----------------------------+------------+
|         11 | 754820           |                     5.98267 |   0.300897 |
+------------+------------------+-----------------------------+------------+


Trapped Ion (10 qubit clusters)
Calculating runtime for 1024 shots...

+------------+------------------+-----------------------------+------------+
|   # Copies |     Runtime (us) |   Speedup (single/parallel) |   Fidelity |
+============+==================+=============================+============+
|          1 |      3.88096e+06 |                     1       |   0.354832 |
+------------+------------------+-----------------------------+------------+
|          2 |      1.94048e+06 |                     2       |   0.354832 |
+------------+------------------+-----------------------------+------------+
|          3 |      1.29618e+06 |                     2.99415 |   0.354832 |
+------------+------------------+-----------------------------+------------+
|          4 | 970240           |                     4       |   0.354832 |
+------------+------------------+-----------------------------+------------+
|          5 | 776950           |                     4.99512 |   0.354832 |
+------------+------------------+-----------------------------+------------+
|          6 | 648090           |                     5.9883  |   0.354832 |
+------------+------------------+-----------------------------+------------+
|          7 | 557130           |                     6.96599 |   0.354832 |
+------------+------------------+-----------------------------+------------+
|          8 | 485120           |                     8       |   0.354832 |
+------------+------------------+-----------------------------+------------+
|          9 | 432060           |                     8.98246 |   0.354832 |
+------------+------------------+-----------------------------+------------+
|         10 | 390370           |                     9.94175 |   0.354832 |
+------------+------------------+-----------------------------+------------+
|         11 | 534860           |                     7.25603 |   0.332186 |
+------------+------------------+-----------------------------+------------+


Trapped Ion (5 qubit clusters)
Calculating runtime for 1024 shots...

+------------+------------------+-----------------------------+------------+
|   # Copies |     Runtime (us) |   Speedup (single/parallel) |   Fidelity |
+============+==================+=============================+============+
|          1 |      4.9664e+06  |                     1       |   0.324071 |
+------------+------------------+-----------------------------+------------+
|          2 |      2.69824e+06 |                     1.84061 |   0.316807 |
+------------+------------------+-----------------------------+------------+
|          3 |      1.80234e+06 |                     2.75553 |   0.300484 |
+------------+------------------+-----------------------------+------------+
|          4 |      1.50272e+06 |                     3.30494 |   0.302763 |
+------------+------------------+-----------------------------+------------+
|          5 |      1.23615e+06 |                     4.01764 |   0.304139 |
+------------+------------------+-----------------------------+------------+
|          6 |      1.10637e+06 |                     4.48891 |   0.309706 |
+------------+------------------+-----------------------------+------------+
|          7 | 836430           |                     5.93762 |   0.303745 |
+------------+------------------+-----------------------------+------------+
|          8 | 828160           |                     5.99691 |   0.302763 |
+------------+------------------+-----------------------------+------------+
|          9 | 733020           |                     6.77526 |   0.298974 |
+------------+------------------+-----------------------------+------------+
|         10 | 693190           |                     7.16456 |   0.301394 |
+------------+------------------+-----------------------------+------------+
|         11 | 585620           |                     8.48058 |   0.303388 |
+------------+------------------+-----------------------------+------------+
Analysis done.
