    +----------------------------------------------+
    |   CHRONOSCOPE: Quantum Resource Estimation   |
    |                                              |
    |          CS639 FINAL COURSE PROJECT          |
    +----------------------------------------------+

Verbose: 0

qft problem size is 5 qubits running 1 - 20 circuits in parallel.


Mesh (100 qubit)
Calculating runtime for 1024 shots...

+------------+------------------+-----------------------------+------------+
|   # Copies |     Runtime (us) |   Speedup (single/parallel) |   Fidelity |
+============+==================+=============================+============+
|          1 |      6.4e+06     |                     1       |   0.438766 |
+------------+------------------+-----------------------------+------------+
|          2 |      4.34688e+06 |                     1.47232 |   0.438766 |
+------------+------------------+-----------------------------+------------+
|          3 |      2.62314e+06 |                     2.43982 |   0.438766 |
+------------+------------------+-----------------------------+------------+
|          4 |      1.9584e+06  |                     3.26797 |   0.438766 |
+------------+------------------+-----------------------------+------------+
|          5 |      1.56415e+06 |                     4.09168 |   0.438766 |
+------------+------------------+-----------------------------+------------+
|          6 |      1.50993e+06 |                     4.23861 |   0.438766 |
+------------+------------------+-----------------------------+------------+
|          7 |      1.15395e+06 |                     5.54617 |   0.438766 |
+------------+------------------+-----------------------------+------------+
|          8 |      1.16096e+06 |                     5.51268 |   0.436286 |
+------------+------------------+-----------------------------+------------+
|          9 |      1.04994e+06 |                     6.09559 |   0.434367 |
+------------+------------------+-----------------------------+------------+
|         10 | 870350           |                     7.35336 |   0.432838 |
+------------+------------------+-----------------------------+------------+
|         11 | 912740           |                     7.01185 |   0.431591 |
+------------+------------------+-----------------------------+------------+
|         12 | 821300           |                     7.79252 |   0.427313 |
+------------+------------------+-----------------------------+------------+
|         13 | 749710           |                     8.53663 |   0.429679 |
+------------+------------------+-----------------------------+------------+
|         14 | 668220           |                     9.57768 |   0.428931 |
+------------+------------------+-----------------------------+------------+
|         15 | 718290           |                     8.91005 |   0.424417 |
+------------+------------------+-----------------------------+------------+
|         16 | 782720           |                     8.17661 |   0.420506 |
+------------+------------------+-----------------------------+------------+
|         17 | 658190           |                     9.72364 |   0.418199 |
+------------+------------------+-----------------------------+------------+
|         18 | 611610           |                    10.4642  |   0.419316 |
+------------+------------------+-----------------------------+------------+
|         19 | 670140           |                     9.55024 |   0.411387 |
+------------+------------------+-----------------------------+------------+
|         20 | 723320           |                     8.84809 |   0.410847 |
+------------+------------------+-----------------------------+------------+


Trapped Ion (10 qubit clusters)
