    +----------------------------------------------+
    |   CHRONOSCOPE: Quantum Resource Estimation   |
    |                                              |
    |          CS639 FINAL COURSE PROJECT          |
    +----------------------------------------------+

Verbose: 0

qft problem size is 5 qubits running 1 - 20 circuits in parallel.


Mesh (100 qubit)
Calculating runtime for 1024 shots...

+------------+------------------+-----------------------------+------------+
|   # Copies |     Runtime (us) |   Speedup (single/parallel) |   Fidelity |
+============+==================+=============================+============+
|          1 |      6.37952e+06 |                     1       |   0.438766 |
+------------+------------------+-----------------------------+------------+
|          2 |      3.9168e+06  |                     1.62876 |   0.438766 |
+------------+------------------+-----------------------------+------------+
|          3 |      2.6163e+06  |                     2.43837 |   0.438766 |
+------------+------------------+-----------------------------+------------+
|          4 |      1.95328e+06 |                     3.26606 |   0.438766 |
+------------+------------------+-----------------------------+------------+
|          5 |      1.56415e+06 |                     4.07859 |   0.438766 |
+------------+------------------+-----------------------------+------------+
|          6 |      1.31157e+06 |                     4.86403 |   0.438766 |
+------------+------------------+-----------------------------+------------+
|          7 |      1.19217e+06 |                     5.35118 |   0.438766 |
+------------+------------------+-----------------------------+------------+
|          8 |      1.03808e+06 |                     6.1455  |   0.436286 |
+------------+------------------+-----------------------------+------------+
|          9 |      1.02942e+06 |                     6.1972  |   0.432184 |
+------------+------------------+-----------------------------+------------+
|         10 | 868290           |                     7.34722 |   0.432838 |
+------------+------------------+-----------------------------+------------+
|         11 | 831900           |                     7.66861 |   0.429816 |
+------------+------------------+-----------------------------+------------+
|         12 | 792060           |                     8.05434 |   0.428931 |
+------------+------------------+-----------------------------+------------+
|         13 | 695990           |                     9.16611 |   0.431181 |
+------------+------------------+-----------------------------+------------+
|         14 | 767380           |                     8.31338 |   0.426161 |
+------------+------------------+-----------------------------+------------+
|         15 | 656190           |                     9.72206 |   0.424417 |
+------------+------------------+-----------------------------+------------+
|         16 | 595840           |                    10.7068  |   0.422896 |
+------------+------------------+-----------------------------+------------+
|         17 | 726510           |                     8.78105 |   0.421559 |
+------------+------------------+-----------------------------+------------+
|         18 | 623010           |                    10.2398  |   0.419316 |
+------------+------------------+-----------------------------+------------+
|         19 | 592380           |                    10.7693  |   0.415333 |
+------------+------------------+-----------------------------+------------+
|         20 | 524680           |                    12.1589  |   0.41178  |
+------------+------------------+-----------------------------+------------+


Trapped Ion (10 qubit clusters)
Calculating runtime for 1024 shots...

+------------+-----------------+-----------------------------+------------+
|   # Copies |    Runtime (us) |   Speedup (single/parallel) |   Fidelity |
+============+=================+=============================+============+
|          1 |      4.9664e+06 |                     1       |   0.526015 |
+------------+-----------------+-----------------------------+------------+
|          2 |      2.4832e+06 |                     2       |   0.526015 |
+------------+-----------------+-----------------------------+------------+
|          3 |      1.6587e+06 |                     2.99415 |   0.526015 |
+------------+-----------------+-----------------------------+------------+
|          4 |      1.2416e+06 |                     4       |   0.526015 |
+------------+-----------------+-----------------------------+------------+
|          5 | 994250          |                     4.99512 |   0.526015 |
+------------+-----------------+-----------------------------+------------+
|          6 | 829350          |                     5.9883  |   0.526015 |
+------------+-----------------+-----------------------------+------------+
|          7 | 712950          |                     6.96599 |   0.526015 |
+------------+-----------------+-----------------------------+------------+
|          8 | 620800          |                     8       |   0.526015 |
+------------+-----------------+-----------------------------+------------+
|          9 | 552900          |                     8.98246 |   0.526015 |
+------------+-----------------+-----------------------------+------------+
|         10 | 499550          |                     9.94175 |   0.526015 |
+------------+-----------------+-----------------------------+------------+
|         11 | 455900          |                    10.8936  |   0.526015 |
+------------+-----------------+-----------------------------+------------+
|         12 | 417100          |                    11.907   |   0.526015 |
+------------+-----------------+-----------------------------+------------+
|         13 | 383150          |                    12.962   |   0.526015 |
+------------+-----------------+-----------------------------+------------+
|         14 | 358900          |                    13.8378  |   0.526015 |
+------------+-----------------+-----------------------------+------------+
|         15 | 334650          |                    14.8406  |   0.526015 |
+------------+-----------------+-----------------------------+------------+
|         16 | 310400          |                    16       |   0.526015 |
+------------+-----------------+-----------------------------+------------+
|         17 | 295850          |                    16.7869  |   0.526015 |
+------------+-----------------+-----------------------------+------------+
|         18 | 276450          |                    17.9649  |   0.526015 |
+------------+-----------------+-----------------------------+------------+
|         19 | 261900          |                    18.963   |   0.526015 |
+------------+-----------------+-----------------------------+------------+
|         20 | 252200          |                    19.6923  |   0.526015 |
+------------+-----------------+-----------------------------+------------+


Trapped Ion (5 qubit clusters)
Calculating runtime for 1024 shots...

+------------+-----------------+-----------------------------+------------+
|   # Copies |    Runtime (us) |   Speedup (single/parallel) |   Fidelity |
+============+=================+=============================+============+
|          1 |      4.9664e+06 |                     1       |   0.526015 |
+------------+-----------------+-----------------------------+------------+
|          2 |      2.4832e+06 |                     2       |   0.526015 |
+------------+-----------------+-----------------------------+------------+
|          3 |      1.6587e+06 |                     2.99415 |   0.526015 |
+------------+-----------------+-----------------------------+------------+
|          4 |      1.2416e+06 |                     4       |   0.526015 |
+------------+-----------------+-----------------------------+------------+
|          5 | 994250          |                     4.99512 |   0.526015 |
+------------+-----------------+-----------------------------+------------+
|          6 | 829350          |                     5.9883  |   0.526015 |
+------------+-----------------+-----------------------------+------------+
|          7 | 712950          |                     6.96599 |   0.526015 |
+------------+-----------------+-----------------------------+------------+
|          8 | 620800          |                     8       |   0.526015 |
+------------+-----------------+-----------------------------+------------+
|          9 | 552900          |                     8.98246 |   0.526015 |
+------------+-----------------+-----------------------------+------------+
|         10 | 499550          |                     9.94175 |   0.526015 |
+------------+-----------------+-----------------------------+------------+
|         11 | 455900          |                    10.8936  |   0.526015 |
+------------+-----------------+-----------------------------+------------+
|         12 | 417100          |                    11.907   |   0.526015 |
+------------+-----------------+-----------------------------+------------+
|         13 | 383150          |                    12.962   |   0.526015 |
+------------+-----------------+-----------------------------+------------+
|         14 | 358900          |                    13.8378  |   0.526015 |
+------------+-----------------+-----------------------------+------------+
|         15 | 334650          |                    14.8406  |   0.526015 |
+------------+-----------------+-----------------------------+------------+
|         16 | 310400          |                    16       |   0.526015 |
+------------+-----------------+-----------------------------+------------+
|         17 | 295850          |                    16.7869  |   0.526015 |
+------------+-----------------+-----------------------------+------------+
|         18 | 276450          |                    17.9649  |   0.526015 |
+------------+-----------------+-----------------------------+------------+
|         19 | 261900          |                    18.963   |   0.526015 |
+------------+-----------------+-----------------------------+------------+
|         20 | 252200          |                    19.6923  |   0.526015 |
+------------+-----------------+-----------------------------+------------+
Analysis done.
