    +----------------------------------------------+
    |   CHRONOSCOPE: Quantum Resource Estimation   |
    |                                              |
    |          CS639 FINAL COURSE PROJECT          |
    +----------------------------------------------+

Verbose: 0

qaoa problem size is 16 qubits running 1 - 6 circuits in parallel.


Mesh (100 qubit)
Calculating runtime for 1024 shots...

+------------+----------------+-----------------------------+------------+
|   # Copies |   Runtime (us) |   Speedup (single/parallel) |   Fidelity |
+============+================+=============================+============+
|          1 |    5.13024e+06 |                     1       |  0.128235  |
+------------+----------------+-----------------------------+------------+
|          2 |    2.688e+06   |                     1.90857 |  0.125361  |
+------------+----------------+-----------------------------+------------+
|          3 |    2.15118e+06 |                     2.38485 |  0.115361  |
+------------+----------------+-----------------------------+------------+
|          4 |    1.86624e+06 |                     2.74897 |  0.111926  |
+------------+----------------+-----------------------------+------------+
|          5 |    1.41245e+06 |                     3.63216 |  0.105042  |
+------------+----------------+-----------------------------+------------+
|          6 |    1.34235e+06 |                     3.82183 |  0.0940696 |
+------------+----------------+-----------------------------+------------+


Trapped Ion (10 qubit clusters)
Calculating runtime for 1024 shots...

+------------+----------------+-----------------------------+------------+
|   # Copies |   Runtime (us) |   Speedup (single/parallel) |   Fidelity |
+============+================+=============================+============+
|          1 |    5.39648e+06 |                     1       |   0.134183 |
+------------+----------------+-----------------------------+------------+
|          2 |    3.43552e+06 |                     1.57079 |   0.128235 |
+------------+----------------+-----------------------------+------------+
|          3 |    2.29482e+06 |                     2.35159 |   0.130188 |
+------------+----------------+-----------------------------+------------+
|          4 |    1.55904e+06 |                     3.46141 |   0.128235 |
+------------+----------------+-----------------------------+------------+
|          5 |    1.25255e+06 |                     4.30839 |   0.129403 |
+------------+----------------+-----------------------------+------------+
|          6 |    1.11663e+06 |                     4.83283 |   0.130188 |
+------------+----------------+-----------------------------+------------+


Trapped Ion (5 qubit clusters)
Calculating runtime for 1024 shots...

+------------+----------------+-----------------------------+------------+
|   # Copies |   Runtime (us) |   Speedup (single/parallel) |   Fidelity |
+============+================+=============================+============+
|          1 |    6.1952e+06  |                     1       |   0.111926 |
+------------+----------------+-----------------------------+------------+
|          2 |    3.12832e+06 |                     1.98036 |   0.109418 |
+------------+----------------+-----------------------------+------------+
|          3 |    2.29482e+06 |                     2.69965 |   0.110247 |
+------------+----------------+-----------------------------+------------+
|          4 |    1.79968e+06 |                     3.44239 |   0.105759 |
+------------+----------------+-----------------------------+------------+
|          5 |    1.37965e+06 |                     4.49041 |   0.108923 |
+------------+----------------+-----------------------------+------------+
|          6 |    1.33893e+06 |                     4.62698 |   0.106965 |
+------------+----------------+-----------------------------+------------+
Analysis done.
