    +----------------------------------------------+
    |   CHRONOSCOPE: Quantum Resource Estimation   |
    |                                              |
    |          CS639 FINAL COURSE PROJECT          |
    +----------------------------------------------+

Verbose: 0

qaoa problem size is 14 qubits running 1 - 7 circuits in parallel.


Mesh (100 qubit)
Calculating runtime for 1024 shots...

+------------+------------------+-----------------------------+------------+
|   # Copies |     Runtime (us) |   Speedup (single/parallel) |   Fidelity |
+============+==================+=============================+============+
|          1 |      3.88096e+06 |                     1       |   0.190711 |
+------------+------------------+-----------------------------+------------+
|          2 |      1.94048e+06 |                     2       |   0.190711 |
+------------+------------------+-----------------------------+------------+
|          3 |      1.29618e+06 |                     2.99415 |   0.190711 |
+------------+------------------+-----------------------------+------------+
|          4 | 970240           |                     4       |   0.190711 |
+------------+------------------+-----------------------------+------------+
|          5 | 776950           |                     4.99512 |   0.190711 |
+------------+------------------+-----------------------------+------------+
|          6 |      1.14741e+06 |                     3.38237 |   0.159078 |
+------------+------------------+-----------------------------+------------+
|          7 |      1.00989e+06 |                     3.84295 |   0.156017 |
+------------+------------------+-----------------------------+------------+


Trapped Ion (10 qubit clusters)
Calculating runtime for 1024 shots...

+------------+------------------+-----------------------------+------------+
|   # Copies |     Runtime (us) |   Speedup (single/parallel) |   Fidelity |
+============+==================+=============================+============+
|          1 |      3.88096e+06 |                     1       |   0.190711 |
+------------+------------------+-----------------------------+------------+
|          2 |      1.94048e+06 |                     2       |   0.190711 |
+------------+------------------+-----------------------------+------------+
|          3 |      1.29618e+06 |                     2.99415 |   0.190711 |
+------------+------------------+-----------------------------+------------+
|          4 | 970240           |                     4       |   0.190711 |
+------------+------------------+-----------------------------+------------+
|          5 | 776950           |                     4.99512 |   0.190711 |
+------------+------------------+-----------------------------+------------+
|          6 | 648090           |                     5.9883  |   0.190711 |
+------------+------------------+-----------------------------+------------+
|          7 | 857010           |                     4.52849 |   0.17531  |
+------------+------------------+-----------------------------+------------+


Trapped Ion (5 qubit clusters)
Calculating runtime for 1024 shots...

+------------+------------------+-----------------------------+------------+
|   # Copies |     Runtime (us) |   Speedup (single/parallel) |   Fidelity |
+============+==================+=============================+============+
|          1 |      5.376e+06   |                     1       |   0.166457 |
+------------+------------------+-----------------------------+------------+
|          2 |      2.688e+06   |                     2       |   0.166457 |
+------------+------------------+-----------------------------+------------+
|          3 |      1.99386e+06 |                     2.69628 |   0.152026 |
+------------+------------------+-----------------------------+------------+
|          4 |      1.49248e+06 |                     3.60206 |   0.148619 |
+------------+------------------+-----------------------------+------------+
|          5 |      1.28945e+06 |                     4.16922 |   0.153411 |
+------------+------------------+-----------------------------+------------+
|          6 |      1.07559e+06 |                     4.99819 |   0.1615   |
+------------+------------------+-----------------------------+------------+
|          7 | 801150           |                     6.71035 |   0.164314 |
+------------+------------------+-----------------------------+------------+
Analysis done.
