    +----------------------------------------------+
    |   CHRONOSCOPE: Quantum Resource Estimation   |
    |                                              |
    |          CS639 FINAL COURSE PROJECT          |
    +----------------------------------------------+

Verbose: 0

qft problem size is 28 qubits running 1 - 3 circuits in parallel.


Mesh (100 qubit)
Calculating runtime for 1024 shots...

+------------+----------------+-----------------------------+-------------+
|   # Copies |   Runtime (us) |   Speedup (single/parallel) |    Fidelity |
+============+================+=============================+=============+
|          1 |    1.00895e+08 |                     1       | 8.51077e-12 |
+------------+----------------+-----------------------------+-------------+
|          2 |    5.76051e+07 |                     1.75149 | 3.93746e-12 |
+------------+----------------+-----------------------------+-------------+
|          3 |    4.48807e+07 |                     2.24807 | 1.68906e-12 |
+------------+----------------+-----------------------------+-------------+


Trapped Ion (10 qubit clusters)
Calculating runtime for 1024 shots...

+------------+----------------+-----------------------------+-------------+
|   # Copies |   Runtime (us) |   Speedup (single/parallel) |    Fidelity |
+============+================+=============================+=============+
|          1 |    1.03639e+08 |                     1       | 4.6458e-09  |
+------------+----------------+-----------------------------+-------------+
|          2 |    6.14554e+07 |                     1.68641 | 1.71337e-09 |
+------------+----------------+-----------------------------+-------------+
|          3 |    4.10434e+07 |                     2.52511 | 1.05636e-09 |
+------------+----------------+-----------------------------+-------------+


Trapped Ion (5 qubit clusters)
Calculating runtime for 1024 shots...

+------------+----------------+-----------------------------+-------------+
|   # Copies |   Runtime (us) |   Speedup (single/parallel) |    Fidelity |
+============+================+=============================+=============+
|          1 |    1.19327e+08 |                     1       | 6.78441e-12 |
+------------+----------------+-----------------------------+-------------+
|          2 |    6.34214e+07 |                     1.88149 | 1.38777e-12 |
+------------+----------------+-----------------------------+-------------+
|          3 |    4.48875e+07 |                     2.65835 | 3.67033e-13 |
+------------+----------------+-----------------------------+-------------+
Analysis done.
