    +----------------------------------------------+
    |   CHRONOSCOPE: Quantum Resource Estimation   |
    |                                              |
    |          CS639 FINAL COURSE PROJECT          |
    +----------------------------------------------+

Verbose: 0

qaoa problem size is 11 qubits running 1 - 9 circuits in parallel.


Mesh (100 qubit)
Calculating runtime for 1024 shots...

+------------+------------------+-----------------------------+------------+
|   # Copies |     Runtime (us) |   Speedup (single/parallel) |   Fidelity |
+============+==================+=============================+============+
|          1 |      4.51584e+06 |                     1       |   0.265704 |
+------------+------------------+-----------------------------+------------+
|          2 |      2.25792e+06 |                     2       |   0.265704 |
+------------+------------------+-----------------------------+------------+
|          3 |      1.65186e+06 |                     2.73379 |   0.253926 |
+------------+------------------+-----------------------------+------------+
|          4 |      1.69216e+06 |                     2.66868 |   0.248234 |
+------------+------------------+-----------------------------+------------+
|          5 |      1.41245e+06 |                     3.19717 |   0.240479 |
+------------+------------------+-----------------------------+------------+
|          6 |      1.10637e+06 |                     4.08167 |   0.239029 |
+------------+------------------+-----------------------------+------------+
|          7 |      1.22451e+06 |                     3.68788 |   0.228927 |
+------------+------------------+-----------------------------+------------+
|          8 |      1.05344e+06 |                     4.28676 |   0.221632 |
+------------+------------------+-----------------------------+------------+
|          9 | 919980           |                     4.90863 |   0.21941  |
+------------+------------------+-----------------------------+------------+


Trapped Ion (10 qubit clusters)
Calculating runtime for 1024 shots...

+------------+------------------+-----------------------------+------------+
|   # Copies |     Runtime (us) |   Speedup (single/parallel) |   Fidelity |
+============+==================+=============================+============+
|          1 |      5.39648e+06 |                     1       |   0.265704 |
+------------+------------------+-----------------------------+------------+
|          2 |      2.69824e+06 |                     2       |   0.259748 |
+------------+------------------+-----------------------------+------------+
|          3 |      1.80234e+06 |                     2.99415 |   0.261718 |
+------------+------------------+-----------------------------+------------+
|          4 |      1.45664e+06 |                     3.70475 |   0.25682  |
+------------+------------------+-----------------------------+------------+
|          5 |      1.25255e+06 |                     4.30839 |   0.256239 |
+------------+------------------+-----------------------------+------------+
|          6 |      1.04481e+06 |                     5.16503 |   0.253926 |
+------------+------------------+-----------------------------+------------+
|          7 | 898170           |                     6.00831 |   0.255576 |
+------------+------------------+-----------------------------+------------+
|          8 | 782080           |                     6.90016 |   0.253926 |
+------------+------------------+-----------------------------+------------+
|          9 | 696540           |                     7.74755 |   0.253926 |
+------------+------------------+-----------------------------+------------+


Trapped Ion (5 qubit clusters)
Calculating runtime for 1024 shots...

+------------+------------------+-----------------------------+------------+
|   # Copies |     Runtime (us) |   Speedup (single/parallel) |   Fidelity |
+============+==================+=============================+============+
|          1 |      6.25664e+06 |                     1       |   0.242669 |
+------------+------------------+-----------------------------+------------+
|          2 |      3.12832e+06 |                     2       |   0.231912 |
+------------+------------------+-----------------------------+------------+
|          3 |      2.30166e+06 |                     2.71832 |   0.228434 |
+------------+------------------+-----------------------------+------------+
|          4 |      1.54368e+06 |                     4.05307 |   0.231912 |
+------------+------------------+-----------------------------+------------+
|          5 |      1.25255e+06 |                     4.99512 |   0.231912 |
+------------+------------------+-----------------------------+------------+
|          6 |      1.15083e+06 |                     5.43663 |   0.231912 |
+------------+------------------+-----------------------------+------------+
|          7 |      1.00989e+06 |                     6.19537 |   0.228927 |
+------------+------------------+-----------------------------+------------+
|          8 | 899840           |                     6.95306 |   0.226714 |
+------------+------------------+-----------------------------+------------+
|          9 | 835620           |                     7.48742 |   0.226144 |
+------------+------------------+-----------------------------+------------+
Analysis done.
