    +----------------------------------------------+
    |   CHRONOSCOPE: Quantum Resource Estimation   |
    |                                              |
    |          CS639 FINAL COURSE PROJECT          |
    +----------------------------------------------+

Verbose: 0

qft problem size is 25 qubits running 1 - 4 circuits in parallel.


Mesh (100 qubit)
Calculating runtime for 1024 shots...

+------------+----------------+-----------------------------+-------------+
|   # Copies |   Runtime (us) |   Speedup (single/parallel) |    Fidelity |
+============+================+=============================+=============+
|          1 |    7.21613e+07 |                     1       | 9.22921e-10 |
+------------+----------------+-----------------------------+-------------+
|          2 |    4.69658e+07 |                     1.53647 | 3.17994e-10 |
+------------+----------------+-----------------------------+-------------+
|          3 |    3.95318e+07 |                     1.8254  | 1.75045e-10 |
+------------+----------------+-----------------------------+-------------+
|          4 |    2.87514e+07 |                     2.50984 | 8.63562e-11 |
+------------+----------------+-----------------------------+-------------+


Trapped Ion (10 qubit clusters)
Calculating runtime for 1024 shots...

+------------+----------------+-----------------------------+-------------+
|   # Copies |   Runtime (us) |   Speedup (single/parallel) |    Fidelity |
+============+================+=============================+=============+
|          1 |    1.01386e+08 |                     1       | 3.6679e-07  |
+------------+----------------+-----------------------------+-------------+
|          2 |    5.3079e+07  |                     1.9101  | 1.94419e-07 |
+------------+----------------+-----------------------------+-------------+
|          3 |    3.61665e+07 |                     2.80332 | 1.25427e-07 |
+------------+----------------+-----------------------------+-------------+
|          4 |    2.62528e+07 |                     3.86192 | 1.33747e-07 |
+------------+----------------+-----------------------------+-------------+


Trapped Ion (5 qubit clusters)
Calculating runtime for 1024 shots...

+------------+----------------+-----------------------------+-------------+
|   # Copies |   Runtime (us) |   Speedup (single/parallel) |    Fidelity |
+============+================+=============================+=============+
|          1 |    1.02083e+08 |                     1       | 1.01053e-09 |
+------------+----------------+-----------------------------+-------------+
|          2 |    5.57926e+07 |                     1.82968 | 2.53491e-10 |
+------------+----------------+-----------------------------+-------------+
|          3 |    3.96891e+07 |                     2.57206 | 1.48234e-10 |
+------------+----------------+-----------------------------+-------------+
|          4 |    2.90125e+07 |                     3.51857 | 1.4546e-10  |
+------------+----------------+-----------------------------+-------------+
Analysis done.
