    +----------------------------------------------+
    |   CHRONOSCOPE: Quantum Resource Estimation   |
    |                                              |
    |          CS639 FINAL COURSE PROJECT          |
    +----------------------------------------------+

Verbose: 0

qft problem size is 19 qubits running 1 - 5 circuits in parallel.


Mesh (100 qubit)
Calculating runtime for 1024 shots...

+------------+----------------+-----------------------------+-------------+
|   # Copies |   Runtime (us) |   Speedup (single/parallel) |    Fidelity |
+============+================+=============================+=============+
|          1 |    5.06778e+07 |                     1       | 3.44791e-06 |
+------------+----------------+-----------------------------+-------------+
|          2 |    2.89536e+07 |                     1.75031 | 2.29263e-06 |
+------------+----------------+-----------------------------+-------------+
|          3 |    2.13784e+07 |                     2.37051 | 1.37141e-06 |
+------------+----------------+-----------------------------+-------------+
|          4 |    2.20698e+07 |                     2.29625 | 8.94829e-07 |
+------------+----------------+-----------------------------+-------------+
|          5 |    1.6357e+07  |                     3.09824 | 5.37295e-07 |
+------------+----------------+-----------------------------+-------------+


Trapped Ion (10 qubit clusters)
Calculating runtime for 1024 shots...

+------------+----------------+-----------------------------+-------------+
|   # Copies |   Runtime (us) |   Speedup (single/parallel) |    Fidelity |
+============+================+=============================+=============+
|          1 |    5.62688e+07 |                     1       | 0.000135691 |
+------------+----------------+-----------------------------+-------------+
|          2 |    3.33261e+07 |                     1.68843 | 9.65756e-05 |
+------------+----------------+-----------------------------+-------------+
|          3 |    2.35741e+07 |                     2.38689 | 7.99503e-05 |
+------------+----------------+-----------------------------+-------------+
|          4 |    1.92742e+07 |                     2.91938 | 5.0043e-05  |
+------------+----------------+-----------------------------+-------------+
|          5 |    1.3856e+07  |                     4.06098 | 8.31546e-05 |
+------------+----------------+-----------------------------+-------------+


Trapped Ion (5 qubit clusters)
Calculating runtime for 1024 shots...

+------------+----------------+-----------------------------+-------------+
|   # Copies |   Runtime (us) |   Speedup (single/parallel) |    Fidelity |
+============+================+=============================+=============+
|          1 |    7.02976e+07 |                     1       | 4.13353e-06 |
+------------+----------------+-----------------------------+-------------+
|          2 |    3.50669e+07 |                     2.00467 | 2.87601e-06 |
+------------+----------------+-----------------------------+-------------+
|          3 |    2.47916e+07 |                     2.83554 | 1.74657e-06 |
+------------+----------------+-----------------------------+-------------+
|          4 |    2.0841e+07  |                     3.37305 | 1.13532e-06 |
+------------+----------------+-----------------------------+-------------+
|          5 |    1.57214e+07 |                     4.47145 | 1.58076e-06 |
+------------+----------------+-----------------------------+-------------+
Analysis done.
