    +----------------------------------------------+
    |   CHRONOSCOPE: Quantum Resource Estimation   |
    |                                              |
    |          CS639 FINAL COURSE PROJECT          |
    +----------------------------------------------+

Verbose: 0

qaoa problem size is 12 qubits running 1 - 8 circuits in parallel.


Mesh (100 qubit)
Calculating runtime for 1024 shots...

+------------+------------------+-----------------------------+------------+
|   # Copies |     Runtime (us) |   Speedup (single/parallel) |   Fidelity |
+============+==================+=============================+============+
|          1 |      4.31104e+06 |                     1       |   0.244906 |
+------------+------------------+-----------------------------+------------+
|          2 |      2.15552e+06 |                     2       |   0.244906 |
+------------+------------------+-----------------------------+------------+
|          3 |      1.43982e+06 |                     2.99415 |   0.244906 |
+------------+------------------+-----------------------------+------------+
|          4 |      1.07776e+06 |                     4       |   0.244906 |
+------------+------------------+-----------------------------+------------+
|          5 | 863050           |                     4.99512 |   0.244906 |
+------------+------------------+-----------------------------+------------+
|          6 | 719910           |                     5.9883  |   0.244906 |
+------------+------------------+-----------------------------+------------+
|          7 | 618870           |                     6.96599 |   0.244906 |
+------------+------------------+-----------------------------+------------+
|          8 |      1.14304e+06 |                     3.77156 |   0.181361 |
+------------+------------------+-----------------------------+------------+


Trapped Ion (10 qubit clusters)
Calculating runtime for 1024 shots...

+------------+------------------+-----------------------------+------------+
|   # Copies |     Runtime (us) |   Speedup (single/parallel) |   Fidelity |
+============+==================+=============================+============+
|          1 |      7.46496e+06 |                     1       |   0.213759 |
+------------+------------------+-----------------------------+------------+
|          2 |      3.12832e+06 |                     2.38625 |   0.218661 |
+------------+------------------+-----------------------------+------------+
|          3 |      2.08962e+06 |                     3.5724  |   0.217014 |
+------------+------------------+-----------------------------+------------+
|          4 |      1.56416e+06 |                     4.7725  |   0.216196 |
+------------+------------------+-----------------------------+------------+
|          5 |      1.25255e+06 |                     5.95981 |   0.219654 |
+------------+------------------+-----------------------------+------------+
|          6 |      1.04481e+06 |                     7.1448  |   0.218661 |
+------------+------------------+-----------------------------+------------+
|          7 | 898170           |                     8.3113  |   0.21937  |
+------------+------------------+-----------------------------+------------+
|          8 | 782080           |                     9.54501 |   0.22241  |
+------------+------------------+-----------------------------+------------+


Trapped Ion (5 qubit clusters)
Calculating runtime for 1024 shots...

+------------+------------------+-----------------------------+------------+
|   # Copies |     Runtime (us) |   Speedup (single/parallel) |   Fidelity |
+============+==================+=============================+============+
|          1 |      5.82656e+06 |                     1       |   0.204284 |
+------------+------------------+-----------------------------+------------+
|          2 |      3.12832e+06 |                     1.86252 |   0.199704 |
+------------+------------------+-----------------------------+------------+
|          3 |      2.08962e+06 |                     2.78833 |   0.201219 |
+------------+------------------+-----------------------------+------------+
|          4 |      1.76384e+06 |                     3.30334 |   0.199704 |
+------------+------------------+-----------------------------+------------+
|          5 |      1.29355e+06 |                     4.50432 |   0.198801 |
+------------+------------------+-----------------------------+------------+
|          6 |      1.20213e+06 |                     4.84686 |   0.196709 |
+------------+------------------+-----------------------------+------------+
|          7 | 959910           |                     6.0699  |   0.196497 |
+------------+------------------+-----------------------------+------------+
|          8 | 989440           |                     5.88875 |   0.191937 |
+------------+------------------+-----------------------------+------------+
Analysis done.
