    +----------------------------------------------+
    |   CHRONOSCOPE: Quantum Resource Estimation   |
    |                                              |
    |          CS639 FINAL COURSE PROJECT          |
    +----------------------------------------------+

Verbose: 0

qaoa problem size is 15 qubits running 1 - 6 circuits in parallel.


Mesh (100 qubit)
Calculating runtime for 1024 shots...

+------------+----------------+-----------------------------+------------+
|   # Copies |   Runtime (us) |   Speedup (single/parallel) |   Fidelity |
+============+================+=============================+============+
|          1 |    4.51584e+06 |                     1       |   0.158258 |
+------------+----------------+-----------------------------+------------+
|          2 |    2.7904e+06  |                     1.61835 |   0.138131 |
+------------+----------------+-----------------------------+------------+
|          3 |    2.00754e+06 |                     2.24944 |   0.14237  |
+------------+----------------+-----------------------------+------------+
|          4 |    1.97888e+06 |                     2.28202 |   0.127594 |
+------------+----------------+-----------------------------+------------+
|          5 |    1.56825e+06 |                     2.87954 |   0.121662 |
+------------+----------------+-----------------------------+------------+
|          6 |    1.42443e+06 |                     3.17028 |   0.111789 |
+------------+----------------+-----------------------------+------------+


Trapped Ion (10 qubit clusters)
Calculating runtime for 1024 shots...

+------------+----------------+-----------------------------+------------+
|   # Copies |   Runtime (us) |   Speedup (single/parallel) |   Fidelity |
+============+================+=============================+============+
|          1 |    6.25664e+06 |                     1       |   0.151242 |
+------------+----------------+-----------------------------+------------+
|          2 |    2.69824e+06 |                     2.31879 |   0.144538 |
+------------+----------------+-----------------------------+------------+
|          3 |    1.94598e+06 |                     3.21516 |   0.151242 |
+------------+----------------+-----------------------------+------------+
|          4 |    1.56416e+06 |                     4       |   0.147852 |
+------------+----------------+-----------------------------+------------+
|          5 |    1.16645e+06 |                     5.36383 |   0.149877 |
+------------+----------------+-----------------------------+------------+
|          6 |    1.04481e+06 |                     5.9883  |   0.148974 |
+------------+----------------+-----------------------------+------------+


Trapped Ion (5 qubit clusters)
Calculating runtime for 1024 shots...

+------------+----------------+-----------------------------+------------+
|   # Copies |   Runtime (us) |   Speedup (single/parallel) |   Fidelity |
+============+================+=============================+============+
|          1 |    5.82656e+06 |                     1       |   0.132008 |
+------------+----------------+-----------------------------+------------+
|          2 |    3.51744e+06 |                     1.65648 |   0.132008 |
+------------+----------------+-----------------------------+------------+
|          3 |    2.34954e+06 |                     2.47987 |   0.134018 |
+------------+----------------+-----------------------------+------------+
|          4 |    1.75872e+06 |                     3.31295 |   0.135035 |
+------------+----------------+-----------------------------+------------+
|          5 |    1.40835e+06 |                     4.13715 |   0.135648 |
+------------+----------------+-----------------------------+------------+
|          6 |    1.21923e+06 |                     4.77889 |   0.137091 |
+------------+----------------+-----------------------------+------------+
Analysis done.
