    +----------------------------------------------+
    |   CHRONOSCOPE: Quantum Resource Estimation   |
    |                                              |
    |          CS639 FINAL COURSE PROJECT          |
    +----------------------------------------------+

Verbose: 0

qaoa problem size is 5 qubits running 1 - 20 circuits in parallel.


Mesh (100 qubit)
Calculating runtime for 1024 shots...

+------------+------------------+-----------------------------+------------+
|   # Copies |     Runtime (us) |   Speedup (single/parallel) |   Fidelity |
+============+==================+=============================+============+
|          1 |      4.51584e+06 |                     1       |   0.543845 |
+------------+------------------+-----------------------------+------------+
|          2 |      2.47296e+06 |                     1.82609 |   0.543845 |
+------------+------------------+-----------------------------+------------+
|          3 |      1.50822e+06 |                     2.99415 |   0.543845 |
+------------+------------------+-----------------------------+------------+
|          4 |      1.23648e+06 |                     3.65217 |   0.543845 |
+------------+------------------+-----------------------------+------------+
|          5 | 990150           |                     4.56076 |   0.538936 |
+------------+------------------+-----------------------------+------------+
|          6 |      1.00377e+06 |                     4.49888 |   0.535687 |
+------------+------------------+-----------------------------+------------+
|          7 | 710010           |                     6.36025 |   0.540334 |
+------------+------------------+-----------------------------+------------+
|          8 | 715520           |                     6.31127 |   0.537715 |
+------------+------------------+-----------------------------+------------+
|          9 | 616740           |                     7.32211 |   0.535687 |
+------------+------------------+-----------------------------+------------+
|         10 | 561350           |                     8.04461 |   0.531655 |
+------------+------------------+-----------------------------+------------+
|         11 | 546140           |                     8.26865 |   0.526204 |
+------------+------------------+-----------------------------+------------+
|         12 | 547820           |                     8.24329 |   0.52965  |
+------------+------------------+-----------------------------+------------+
|         13 | 462150           |                     9.77137 |   0.52888  |
+------------+------------------+-----------------------------+------------+
|         14 | 434380           |                    10.3961  |   0.526514 |
+------------+------------------+-----------------------------+------------+
|         15 | 416070           |                    10.8536  |   0.529249 |
+------------+------------------+-----------------------------+------------+
|         16 | 397440           |                    11.3623  |   0.522691 |
+------------+------------------+-----------------------------+------------+
|         17 | 469090           |                     9.62681 |   0.519737 |
+------------+------------------+-----------------------------+------------+
|         18 | 452010           |                     9.99058 |   0.517126 |
+------------+------------------+-----------------------------+------------+
|         19 | 404460           |                    11.1651  |   0.5148   |
+------------+------------------+-----------------------------+------------+
|         20 | 381160           |                    11.8476  |   0.520917 |
+------------+------------------+-----------------------------+------------+


Trapped Ion (10 qubit clusters)
Calculating runtime for 1024 shots...

+------------+------------------+-----------------------------+------------+
|   # Copies |     Runtime (us) |   Speedup (single/parallel) |   Fidelity |
+============+==================+=============================+============+
|          1 |      3.88096e+06 |                     1       |   0.569071 |
+------------+------------------+-----------------------------+------------+
|          2 |      1.94048e+06 |                     2       |   0.569071 |
+------------+------------------+-----------------------------+------------+
|          3 |      1.29618e+06 |                     2.99415 |   0.569071 |
+------------+------------------+-----------------------------+------------+
|          4 | 970240           |                     4       |   0.569071 |
+------------+------------------+-----------------------------+------------+
|          5 | 776950           |                     4.99512 |   0.569071 |
+------------+------------------+-----------------------------+------------+
|          6 | 648090           |                     5.9883  |   0.569071 |
+------------+------------------+-----------------------------+------------+
|          7 | 557130           |                     6.96599 |   0.569071 |
+------------+------------------+-----------------------------+------------+
|          8 | 485120           |                     8       |   0.569071 |
+------------+------------------+-----------------------------+------------+
|          9 | 432060           |                     8.98246 |   0.569071 |
+------------+------------------+-----------------------------+------------+
|         10 | 390370           |                     9.94175 |   0.569071 |
+------------+------------------+-----------------------------+------------+
|         11 | 356260           |                    10.8936  |   0.569071 |
+------------+------------------+-----------------------------+------------+
|         12 | 325940           |                    11.907   |   0.569071 |
+------------+------------------+-----------------------------+------------+
|         13 | 299410           |                    12.962   |   0.569071 |
+------------+------------------+-----------------------------+------------+
|         14 | 280460           |                    13.8378  |   0.569071 |
+------------+------------------+-----------------------------+------------+
|         15 | 261510           |                    14.8406  |   0.569071 |
+------------+------------------+-----------------------------+------------+
|         16 | 242560           |                    16       |   0.569071 |
+------------+------------------+-----------------------------+------------+
|         17 | 231190           |                    16.7869  |   0.569071 |
+------------+------------------+-----------------------------+------------+
|         18 | 216030           |                    17.9649  |   0.569071 |
+------------+------------------+-----------------------------+------------+
|         19 | 204660           |                    18.963   |   0.569071 |
+------------+------------------+-----------------------------+------------+
|         20 | 197080           |                    19.6923  |   0.569071 |
+------------+------------------+-----------------------------+------------+


Trapped Ion (5 qubit clusters)
Calculating runtime for 1024 shots...

+------------+------------------+-----------------------------+------------+
|   # Copies |     Runtime (us) |   Speedup (single/parallel) |   Fidelity |
+============+==================+=============================+============+
|          1 |      3.88096e+06 |                     1       |   0.569071 |
+------------+------------------+-----------------------------+------------+
|          2 |      1.94048e+06 |                     2       |   0.569071 |
+------------+------------------+-----------------------------+------------+
|          3 |      1.29618e+06 |                     2.99415 |   0.569071 |
+------------+------------------+-----------------------------+------------+
|          4 | 970240           |                     4       |   0.569071 |
+------------+------------------+-----------------------------+------------+
|          5 | 776950           |                     4.99512 |   0.569071 |
+------------+------------------+-----------------------------+------------+
|          6 | 648090           |                     5.9883  |   0.569071 |
+------------+------------------+-----------------------------+------------+
|          7 | 557130           |                     6.96599 |   0.569071 |
+------------+------------------+-----------------------------+------------+
|          8 | 485120           |                     8       |   0.569071 |
+------------+------------------+-----------------------------+------------+
|          9 | 432060           |                     8.98246 |   0.569071 |
+------------+------------------+-----------------------------+------------+
|         10 | 390370           |                     9.94175 |   0.569071 |
+------------+------------------+-----------------------------+------------+
|         11 | 356260           |                    10.8936  |   0.569071 |
+------------+------------------+-----------------------------+------------+
|         12 | 325940           |                    11.907   |   0.569071 |
+------------+------------------+-----------------------------+------------+
|         13 | 299410           |                    12.962   |   0.569071 |
+------------+------------------+-----------------------------+------------+
|         14 | 280460           |                    13.8378  |   0.569071 |
+------------+------------------+-----------------------------+------------+
|         15 | 261510           |                    14.8406  |   0.569071 |
+------------+------------------+-----------------------------+------------+
|         16 | 242560           |                    16       |   0.569071 |
+------------+------------------+-----------------------------+------------+
|         17 | 231190           |                    16.7869  |   0.569071 |
+------------+------------------+-----------------------------+------------+
|         18 | 216030           |                    17.9649  |   0.569071 |
+------------+------------------+-----------------------------+------------+
|         19 | 204660           |                    18.963   |   0.569071 |
+------------+------------------+-----------------------------+------------+
|         20 | 197080           |                    19.6923  |   0.569071 |
+------------+------------------+-----------------------------+------------+
Analysis done.
