    +----------------------------------------------+
    |   CHRONOSCOPE: Quantum Resource Estimation   |
    |                                              |
    |          CS639 FINAL COURSE PROJECT          |
    +----------------------------------------------+

Verbose: 0

qaoa problem size is 13 qubits running 1 - 7 circuits in parallel.


Mesh (100 qubit)
Calculating runtime for 1024 shots...

+------------+----------------+-----------------------------+------------+
|   # Copies |   Runtime (us) |   Speedup (single/parallel) |   Fidelity |
+============+================+=============================+============+
|          1 |    4.51584e+06 |                     1       |   0.205113 |
+------------+----------------+-----------------------------+------------+
|          2 |    2.25792e+06 |                     2       |   0.19602  |
+------------+----------------+-----------------------------+------------+
|          3 |    1.8639e+06  |                     2.42279 |   0.187331 |
+------------+----------------+-----------------------------+------------+
|          4 |    1.65632e+06 |                     2.72643 |   0.179027 |
+------------+----------------+-----------------------------+------------+
|          5 |    1.24025e+06 |                     3.64107 |   0.174222 |
+------------+----------------+-----------------------------+------------+
|          6 |    1.20897e+06 |                     3.73528 |   0.163507 |
+------------+----------------+-----------------------------+------------+
|          7 |    1.51851e+06 |                     2.97386 |   0.153252 |
+------------+----------------+-----------------------------+------------+


Trapped Ion (10 qubit clusters)
Calculating runtime for 1024 shots...

+------------+------------------+-----------------------------+------------+
|   # Copies |     Runtime (us) |   Speedup (single/parallel) |   Fidelity |
+============+==================+=============================+============+
|          1 |      5.39648e+06 |                     1       |   0.19602  |
+------------+------------------+-----------------------------+------------+
|          2 |      3.12832e+06 |                     1.72504 |   0.19602  |
+------------+------------------+-----------------------------+------------+
|          3 |      1.94598e+06 |                     2.77314 |   0.19308  |
+------------+------------------+-----------------------------+------------+
|          4 |      1.56416e+06 |                     3.45008 |   0.191627 |
+------------+------------------+-----------------------------+------------+
|          5 |      1.20335e+06 |                     4.48455 |   0.194251 |
+------------+------------------+-----------------------------+------------+
|          6 | 972990           |                     5.54629 |   0.191627 |
+------------+------------------+-----------------------------+------------+
|          7 | 836430           |                     6.4518  |   0.191007 |
+------------+------------------+-----------------------------+------------+


Trapped Ion (5 qubit clusters)
Calculating runtime for 1024 shots...

+------------+----------------+-----------------------------+------------+
|   # Copies |   Runtime (us) |   Speedup (single/parallel) |   Fidelity |
+============+================+=============================+============+
|          1 |    5.39648e+06 |                     1       |   0.171091 |
+------------+----------------+-----------------------------+------------+
|          2 |    3.23072e+06 |                     1.67036 |   0.171091 |
+------------+----------------+-----------------------------+------------+
|          3 |    2.29482e+06 |                     2.35159 |   0.171091 |
+------------+----------------+-----------------------------+------------+
|          4 |    1.61024e+06 |                     3.35135 |   0.167256 |
+------------+----------------+-----------------------------+------------+
|          5 |    1.53955e+06 |                     3.50523 |   0.164996 |
+------------+----------------+-----------------------------+------------+
|          6 |    1.28079e+06 |                     4.2134  |   0.167256 |
+------------+----------------+-----------------------------+------------+
|          7 |    1.01577e+06 |                     5.3127  |   0.162451 |
+------------+----------------+-----------------------------+------------+
Analysis done.
