    +----------------------------------------------+
    |   CHRONOSCOPE: Quantum Resource Estimation   |
    |                                              |
    |          CS639 FINAL COURSE PROJECT          |
    +----------------------------------------------+

Verbose: 0

qft problem size is 30 qubits running 1 - 3 circuits in parallel.


Mesh (100 qubit)
Calculating runtime for 1024 shots...

+------------+----------------+-----------------------------+-------------+
|   # Copies |   Runtime (us) |   Speedup (single/parallel) |    Fidelity |
+============+================+=============================+=============+
|          1 |    1.06465e+08 |                     1       | 9.39957e-13 |
+------------+----------------+-----------------------------+-------------+
|          2 |    6.07898e+07 |                     1.75137 | 2.30503e-13 |
+------------+----------------+-----------------------------+-------------+
|          3 |    3.92171e+07 |                     2.71476 | 1.08265e-13 |
+------------+----------------+-----------------------------+-------------+


Trapped Ion (10 qubit clusters)
Calculating runtime for 1024 shots...

+------------+----------------+-----------------------------+-------------+
|   # Copies |   Runtime (us) |   Speedup (single/parallel) |    Fidelity |
+============+================+=============================+=============+
|          1 |    1.34666e+08 |                     1       | 2.59914e-10 |
+------------+----------------+-----------------------------+-------------+
|          2 |    7.36e+07    |                     1.8297  | 3.04614e-10 |
+------------+----------------+-----------------------------+-------------+
|          3 |    5.02706e+07 |                     2.67883 | 2.30314e-10 |
+------------+----------------+-----------------------------+-------------+


Trapped Ion (5 qubit clusters)
Calculating runtime for 1024 shots...

+------------+----------------+-----------------------------+-------------+
|   # Copies |   Runtime (us) |   Speedup (single/parallel) |    Fidelity |
+============+================+=============================+=============+
|          1 |    1.3141e+08  |                     1       | 4.76144e-13 |
+------------+----------------+-----------------------------+-------------+
|          2 |    7.44192e+07 |                     1.76581 | 3.43275e-14 |
+------------+----------------+-----------------------------+-------------+
|          3 |    4.92719e+07 |                     2.66703 | 2.73644e-14 |
+------------+----------------+-----------------------------+-------------+
Analysis done.
