    +----------------------------------------------+
    |   CHRONOSCOPE: Quantum Resource Estimation   |
    |                                              |
    |          CS639 FINAL COURSE PROJECT          |
    +----------------------------------------------+

Verbose: 0

qaoa problem size is 6 qubits running 1 - 16 circuits in parallel.


Mesh (100 qubit)
Calculating runtime for 1024 shots...

+------------+------------------+-----------------------------+------------+
|   # Copies |     Runtime (us) |   Speedup (single/parallel) |   Fidelity |
+============+==================+=============================+============+
|          1 |      3.45088e+06 |                     1       |   0.506242 |
+------------+------------------+-----------------------------+------------+
|          2 |      1.72544e+06 |                     2       |   0.506242 |
+------------+------------------+-----------------------------+------------+
|          3 |      1.15254e+06 |                     2.99415 |   0.506242 |
+------------+------------------+-----------------------------+------------+
|          4 | 862720           |                     4       |   0.506242 |
+------------+------------------+-----------------------------+------------+
|          5 | 690850           |                     4.99512 |   0.506242 |
+------------+------------------+-----------------------------+------------+
|          6 | 576270           |                     5.9883  |   0.506242 |
+------------+------------------+-----------------------------+------------+
|          7 | 495390           |                     6.96599 |   0.506242 |
+------------+------------------+-----------------------------+------------+
|          8 | 431360           |                     8       |   0.506242 |
+------------+------------------+-----------------------------+------------+
|          9 | 384180           |                     8.98246 |   0.506242 |
+------------+------------------+-----------------------------+------------+
|         10 | 347110           |                     9.94175 |   0.506242 |
+------------+------------------+-----------------------------+------------+
|         11 | 316780           |                    10.8936  |   0.506242 |
+------------+------------------+-----------------------------+------------+
|         12 | 289820           |                    11.907   |   0.506242 |
+------------+------------------+-----------------------------+------------+
|         13 | 266230           |                    12.962   |   0.506242 |
+------------+------------------+-----------------------------+------------+
|         14 | 249380           |                    13.8378  |   0.493294 |
+------------+------------------+-----------------------------+------------+
|         15 | 414690           |                     8.32159 |   0.466567 |
+------------+------------------+-----------------------------+------------+
|         16 | 492160           |                     7.0117  |   0.462355 |
+------------+------------------+-----------------------------+------------+


Trapped Ion (10 qubit clusters)
Calculating runtime for 1024 shots...

+------------+------------------+-----------------------------+------------+
|   # Copies |     Runtime (us) |   Speedup (single/parallel) |   Fidelity |
+============+==================+=============================+============+
|          1 |      3.45088e+06 |                     1       |   0.506242 |
+------------+------------------+-----------------------------+------------+
|          2 |      1.72544e+06 |                     2       |   0.506242 |
+------------+------------------+-----------------------------+------------+
|          3 |      1.15254e+06 |                     2.99415 |   0.506242 |
+------------+------------------+-----------------------------+------------+
|          4 | 862720           |                     4       |   0.506242 |
+------------+------------------+-----------------------------+------------+
|          5 | 690850           |                     4.99512 |   0.506242 |
+------------+------------------+-----------------------------+------------+
|          6 | 576270           |                     5.9883  |   0.506242 |
+------------+------------------+-----------------------------+------------+
|          7 | 495390           |                     6.96599 |   0.506242 |
+------------+------------------+-----------------------------+------------+
|          8 | 431360           |                     8       |   0.506242 |
+------------+------------------+-----------------------------+------------+
|          9 | 384180           |                     8.98246 |   0.506242 |
+------------+------------------+-----------------------------+------------+
|         10 | 347110           |                     9.94175 |   0.506242 |
+------------+------------------+-----------------------------+------------+
|         11 | 472820           |                     7.29851 |   0.487806 |
+------------+------------------+-----------------------------+------------+
|         12 | 444620           |                     7.76141 |   0.487471 |
+------------+------------------+-----------------------------+------------+
|         13 | 444770           |                     7.7588  |   0.485492 |
+------------+------------------+-----------------------------+------------+
|         14 | 382580           |                     9.02002 |   0.483801 |
+------------+------------------+-----------------------------+------------+
|         15 | 334650           |                    10.3119  |   0.488208 |
+------------+------------------+-----------------------------+------------+
|         16 | 310400           |                    11.1175  |   0.487932 |
+------------+------------------+-----------------------------+------------+


Trapped Ion (5 qubit clusters)
Calculating runtime for 1024 shots...

+------------+------------------+-----------------------------+------------+
|   # Copies |     Runtime (us) |   Speedup (single/parallel) |   Fidelity |
+============+==================+=============================+============+
|          1 |      4.51584e+06 |                     1       |   0.483801 |
+------------+------------------+-----------------------------+------------+
|          2 |      3.00544e+06 |                     1.50256 |   0.451991 |
+------------+------------------+-----------------------------+------------+
|          3 |      1.72026e+06 |                     2.62509 |   0.462355 |
+------------+------------------+-----------------------------+------------+
|          4 |      1.2416e+06  |                     3.63711 |   0.462355 |
+------------+------------------+-----------------------------+------------+
|          5 |      1.05985e+06 |                     4.26083 |   0.458181 |
+------------+------------------+-----------------------------+------------+
|          6 |      1.07559e+06 |                     4.19848 |   0.465862 |
+------------+------------------+-----------------------------+------------+
|          7 | 924630           |                     4.88394 |   0.46536  |
+------------+------------------+-----------------------------+------------+
|          8 | 661760           |                     6.82398 |   0.467626 |
+------------+------------------+-----------------------------+------------+
|          9 | 616740           |                     7.32211 |   0.460032 |
+------------+------------------+-----------------------------+------------+
|         10 | 561350           |                     8.04461 |   0.460264 |
+------------+------------------+-----------------------------+------------+
|         11 | 512300           |                     8.81484 |   0.464265 |
+------------+------------------+-----------------------------+------------+
|         12 | 468700           |                     9.63482 |   0.462355 |
+------------+------------------+-----------------------------+------------+
|         13 | 430550           |                    10.4885  |   0.463971 |
+------------+------------------+-----------------------------+------------+
|         14 | 403300           |                    11.1972  |   0.46086  |
+------------+------------------+-----------------------------+------------+
|         15 | 376050           |                    12.0086  |   0.462355 |
+------------+------------------+-----------------------------+------------+
|         16 | 348800           |                    12.9468  |   0.463667 |
+------------+------------------+-----------------------------+------------+
Analysis done.
