    +----------------------------------------------+
    |   CHRONOSCOPE: Quantum Resource Estimation   |
    |                                              |
    |          CS639 FINAL COURSE PROJECT          |
    +----------------------------------------------+

Verbose: 0

qft problem size is 21 qubits running 1 - 4 circuits in parallel.


Mesh (100 qubit)
Calculating runtime for 1024 shots...

+------------+----------------+-----------------------------+-------------+
|   # Copies |   Runtime (us) |   Speedup (single/parallel) |    Fidelity |
+============+================+=============================+=============+
|          1 |    5.28282e+07 |                     1       | 2.40723e-07 |
+------------+----------------+-----------------------------+-------------+
|          2 |    3.88966e+07 |                     1.35817 | 1.06432e-07 |
+------------+----------------+-----------------------------+-------------+
|          3 |    2.52567e+07 |                     2.09165 | 6.9709e-08  |
+------------+----------------+-----------------------------+-------------+
|          4 |    2.08512e+07 |                     2.53358 | 3.794e-08   |
+------------+----------------+-----------------------------+-------------+


Trapped Ion (10 qubit clusters)
Calculating runtime for 1024 shots...

+------------+----------------+-----------------------------+-------------+
|   # Copies |   Runtime (us) |   Speedup (single/parallel) |    Fidelity |
+============+================+=============================+=============+
|          1 |    6.67955e+07 |                     1       | 2.56875e-05 |
+------------+----------------+-----------------------------+-------------+
|          2 |    4.13133e+07 |                     1.61681 | 1.45741e-05 |
+------------+----------------+-----------------------------+-------------+
|          3 |    2.74455e+07 |                     2.43375 | 1.06911e-05 |
+------------+----------------+-----------------------------+-------------+
|          4 |    2.14349e+07 |                     3.11621 | 8.85068e-06 |
+------------+----------------+-----------------------------+-------------+


Trapped Ion (5 qubit clusters)
Calculating runtime for 1024 shots...

+------------+----------------+-----------------------------+-------------+
|   # Copies |   Runtime (us) |   Speedup (single/parallel) |    Fidelity |
+============+================+=============================+=============+
|          1 |    8.52685e+07 |                     1       | 2.30052e-07 |
+------------+----------------+-----------------------------+-------------+
|          2 |    4.68224e+07 |                     1.8211  | 9.28967e-08 |
+------------+----------------+-----------------------------+-------------+
|          3 |    2.83757e+07 |                     3.00498 | 6.08436e-08 |
+------------+----------------+-----------------------------+-------------+
|          4 |    2.36518e+07 |                     3.60515 | 3.83725e-08 |
+------------+----------------+-----------------------------+-------------+
Analysis done.
