    +----------------------------------------------+
    |   CHRONOSCOPE: Quantum Resource Estimation   |
    |                                              |
    |          CS639 FINAL COURSE PROJECT          |
    +----------------------------------------------+

Verbose: 0

qaoa problem size is 8 qubits running 1 - 12 circuits in parallel.


Mesh (100 qubit)
Calculating runtime for 1024 shots...

+------------+------------------+-----------------------------+------------+
|   # Copies |     Runtime (us) |   Speedup (single/parallel) |   Fidelity |
+============+==================+=============================+============+
|          1 |      3.45088e+06 |                     1       |   0.399553 |
+------------+------------------+-----------------------------+------------+
|          2 |      1.72544e+06 |                     2       |   0.399553 |
+------------+------------------+-----------------------------+------------+
|          3 |      1.15254e+06 |                     2.99415 |   0.399553 |
+------------+------------------+-----------------------------+------------+
|          4 | 862720           |                     4       |   0.399553 |
+------------+------------------+-----------------------------+------------+
|          5 | 690850           |                     4.99512 |   0.399553 |
+------------+------------------+-----------------------------+------------+
|          6 | 576270           |                     5.9883  |   0.399553 |
+------------+------------------+-----------------------------+------------+
|          7 | 495390           |                     6.96599 |   0.399553 |
+------------+------------------+-----------------------------+------------+
|          8 | 431360           |                     8       |   0.399553 |
+------------+------------------+-----------------------------+------------+
|          9 | 384180           |                     8.98246 |   0.399553 |
+------------+------------------+-----------------------------+------------+
|         10 | 347110           |                     9.94175 |   0.38532  |
+------------+------------------+-----------------------------+------------+
|         11 | 527340           |                     6.54394 |   0.356001 |
+------------+------------------+-----------------------------+------------+
|         12 | 632100           |                     5.45939 |   0.358086 |
+------------+------------------+-----------------------------+------------+


Trapped Ion (10 qubit clusters)
Calculating runtime for 1024 shots...

+------------+------------------+-----------------------------+------------+
|   # Copies |     Runtime (us) |   Speedup (single/parallel) |   Fidelity |
+============+==================+=============================+============+
|          1 |      3.45088e+06 |                     1       |   0.399553 |
+------------+------------------+-----------------------------+------------+
|          2 |      1.72544e+06 |                     2       |   0.399553 |
+------------+------------------+-----------------------------+------------+
|          3 |      1.15254e+06 |                     2.99415 |   0.399553 |
+------------+------------------+-----------------------------+------------+
|          4 | 862720           |                     4       |   0.399553 |
+------------+------------------+-----------------------------+------------+
|          5 | 690850           |                     4.99512 |   0.399553 |
+------------+------------------+-----------------------------+------------+
|          6 | 576270           |                     5.9883  |   0.399553 |
+------------+------------------+-----------------------------+------------+
|          7 | 495390           |                     6.96599 |   0.399553 |
+------------+------------------+-----------------------------+------------+
|          8 | 431360           |                     8       |   0.399553 |
+------------+------------------+-----------------------------+------------+
|          9 | 384180           |                     8.98246 |   0.399553 |
+------------+------------------+-----------------------------+------------+
|         10 | 347110           |                     9.94175 |   0.399553 |
+------------+------------------+-----------------------------+------------+
|         11 | 495380           |                     6.96613 |   0.377149 |
+------------+------------------+-----------------------------+------------+
|         12 | 444620           |                     7.76141 |   0.377537 |
+------------+------------------+-----------------------------+------------+


Trapped Ion (5 qubit clusters)
Calculating runtime for 1024 shots...

+------------+------------------+-----------------------------+------------+
|   # Copies |     Runtime (us) |   Speedup (single/parallel) |   Fidelity |
+============+==================+=============================+============+
|          1 |      5.39648e+06 |                     1       |   0.364915 |
+------------+------------------+-----------------------------+------------+
|          2 |      3.01568e+06 |                     1.78947 |   0.356735 |
+------------+------------------+-----------------------------+------------+
|          3 |      1.80234e+06 |                     2.99415 |   0.359441 |
+------------+------------------+-----------------------------+------------+
|          4 |      1.50784e+06 |                     3.57895 |   0.356735 |
+------------+------------------+-----------------------------+------------+
|          5 |      1.20745e+06 |                     4.46932 |   0.355121 |
+------------+------------------+-----------------------------+------------+
|          6 |      1.00719e+06 |                     5.35796 |   0.356735 |
+------------+------------------+-----------------------------+------------+
|          7 | 865830           |                     6.23272 |   0.353286 |
+------------+------------------+-----------------------------+------------+
|          8 | 753920           |                     7.15789 |   0.352714 |
+------------+------------------+-----------------------------+------------+
|          9 | 671460           |                     8.03693 |   0.3505   |
+------------+------------------+-----------------------------+------------+
|         10 | 623150           |                     8.66    |   0.351916 |
+------------+------------------+-----------------------------+------------+
|         11 | 568700           |                     9.48915 |   0.350179 |
+------------+------------------+-----------------------------+------------+
|         12 | 506540           |                    10.6536  |   0.350059 |
+------------+------------------+-----------------------------+------------+
Analysis done.
