    +----------------------------------------------+
    |   CHRONOSCOPE: Quantum Resource Estimation   |
    |                                              |
    |          CS639 FINAL COURSE PROJECT          |
    +----------------------------------------------+

Verbose: 0

qaoa problem size is 18 qubits running 1 - 5 circuits in parallel.


Mesh (100 qubit)
Calculating runtime for 1024 shots...

+------------+----------------+-----------------------------+------------+
|   # Copies |   Runtime (us) |   Speedup (single/parallel) |   Fidelity |
+============+================+=============================+============+
|          1 |    4.31104e+06 |                     1       |  0.111253  |
+------------+----------------+-----------------------------+------------+
|          2 |    2.15552e+06 |                     2       |  0.111253  |
+------------+----------------+-----------------------------+------------+
|          3 |    1.43982e+06 |                     2.99415 |  0.111253  |
+------------+----------------+-----------------------------+------------+
|          4 |    1.07776e+06 |                     4       |  0.111253  |
+------------+----------------+-----------------------------+------------+
|          5 |    1.91265e+06 |                     2.25396 |  0.0739757 |
+------------+----------------+-----------------------------+------------+


Trapped Ion (10 qubit clusters)
Calculating runtime for 1024 shots...

+------------+----------------+-----------------------------+------------+
|   # Copies |   Runtime (us) |   Speedup (single/parallel) |   Fidelity |
+============+================+=============================+============+
|          1 |    4.9664e+06  |                     1       |  0.101608  |
+------------+----------------+-----------------------------+------------+
|          2 |    3.12832e+06 |                     1.58756 |  0.0927995 |
+------------+----------------+-----------------------------+------------+
|          3 |    1.94598e+06 |                     2.55213 |  0.0927995 |
+------------+----------------+-----------------------------+------------+
|          4 |    1.45664e+06 |                     3.40949 |  0.0938574 |
+------------+----------------+-----------------------------+------------+
|          5 |    1.33865e+06 |                     3.71001 |  0.0953588 |
+------------+----------------+-----------------------------+------------+


Trapped Ion (5 qubit clusters)
Calculating runtime for 1024 shots...

+------------+----------------+-----------------------------+------------+
|   # Copies |   Runtime (us) |   Speedup (single/parallel) |   Fidelity |
+============+================+=============================+============+
|          1 |    6.46144e+06 |                     1       |  0.0809976 |
+------------+----------------+-----------------------------+------------+
|          2 |    3.6608e+06  |                     1.76503 |  0.0774071 |
+------------+----------------+-----------------------------+------------+
|          3 |    2.3427e+06  |                     2.75812 |  0.0797826 |
+------------+----------------+-----------------------------+------------+
|          4 |    1.6512e+06  |                     3.91318 |  0.0774071 |
+------------+----------------+-----------------------------+------------+
|          5 |    1.44525e+06 |                     4.47081 |  0.0774071 |
+------------+----------------+-----------------------------+------------+
Analysis done.
