    +----------------------------------------------+
    |   CHRONOSCOPE: Quantum Resource Estimation   |
    |                                              |
    |          CS639 FINAL COURSE PROJECT          |
    +----------------------------------------------+

Verbose: 0

qft problem size is 18 qubits running 1 - 5 circuits in parallel.


Mesh (100 qubit)
Calculating runtime for 1024 shots...

+------------+----------------+-----------------------------+-------------+
|   # Copies |   Runtime (us) |   Speedup (single/parallel) |    Fidelity |
+============+================+=============================+=============+
|          1 |    4.90189e+07 |                     1       | 1.31993e-05 |
+------------+----------------+-----------------------------+-------------+
|          2 |    2.88205e+07 |                     1.70083 | 7.83613e-06 |
+------------+----------------+-----------------------------+-------------+
|          3 |    2.09407e+07 |                     2.34085 | 5.41115e-06 |
+------------+----------------+-----------------------------+-------------+
|          4 |    1.84397e+07 |                     2.65834 | 3.31106e-06 |
+------------+----------------+-----------------------------+-------------+
|          5 |    1.54754e+07 |                     3.16753 | 2.55697e-06 |
+------------+----------------+-----------------------------+-------------+


Trapped Ion (10 qubit clusters)
Calculating runtime for 1024 shots...

+------------+----------------+-----------------------------+-------------+
|   # Copies |   Runtime (us) |   Speedup (single/parallel) |    Fidelity |
+============+================+=============================+=============+
|          1 |    5.39546e+07 |                     1       | 0.00027534  |
+------------+----------------+-----------------------------+-------------+
|          2 |    3.02234e+07 |                     1.78519 | 0.000219489 |
+------------+----------------+-----------------------------+-------------+
|          3 |    1.97163e+07 |                     2.73655 | 0.000145946 |
+------------+----------------+-----------------------------+-------------+
|          4 |    1.696e+07   |                     3.18128 | 0.000121738 |
+------------+----------------+-----------------------------+-------------+
|          5 |    1.3036e+07  |                     4.13891 | 0.000207866 |
+------------+----------------+-----------------------------+-------------+


Trapped Ion (5 qubit clusters)
Calculating runtime for 1024 shots...

+------------+----------------+-----------------------------+-------------+
|   # Copies |   Runtime (us) |   Speedup (single/parallel) |    Fidelity |
+============+================+=============================+=============+
|          1 |    5.99347e+07 |                     1       | 2.37979e-05 |
+------------+----------------+-----------------------------+-------------+
|          2 |    3.39712e+07 |                     1.76428 | 1.05219e-05 |
+------------+----------------+-----------------------------+-------------+
|          3 |    2.28832e+07 |                     2.61916 | 7.77714e-06 |
+------------+----------------+-----------------------------+-------------+
|          4 |    1.69037e+07 |                     3.54566 | 7.40436e-06 |
+------------+----------------+-----------------------------+-------------+
|          5 |    1.5168e+07  |                     3.95141 | 5.42753e-06 |
+------------+----------------+-----------------------------+-------------+
Analysis done.
