    +----------------------------------------------+
    |   CHRONOSCOPE: Quantum Resource Estimation   |
    |                                              |
    |          CS639 FINAL COURSE PROJECT          |
    +----------------------------------------------+

Verbose: 0

qft problem size is 14 qubits running 1 - 7 circuits in parallel.


Mesh (100 qubit)
Calculating runtime for 1024 shots...

+------------+----------------+-----------------------------+-------------+
|   # Copies |   Runtime (us) |   Speedup (single/parallel) |    Fidelity |
+============+================+=============================+=============+
|          1 |    3.74477e+07 |                     1       | 0.00121669  |
+------------+----------------+-----------------------------+-------------+
|          2 |    1.93075e+07 |                     1.93954 | 0.000906121 |
+------------+----------------+-----------------------------+-------------+
|          3 |    1.41143e+07 |                     2.65317 | 0.000784929 |
+------------+----------------+-----------------------------+-------------+
|          4 |    1.0304e+07  |                     3.63429 | 0.000652265 |
+------------+----------------+-----------------------------+-------------+
|          5 |    8.78425e+06 |                     4.26305 | 0.000542843 |
+------------+----------------+-----------------------------+-------------+
|          6 |    1.00394e+07 |                     3.73007 | 0.000498789 |
+------------+----------------+-----------------------------+-------------+
|          7 |    7.11039e+06 |                     5.26661 | 0.000417857 |
+------------+----------------+-----------------------------+-------------+


Trapped Ion (10 qubit clusters)
Calculating runtime for 1024 shots...

+------------+----------------+-----------------------------+------------+
|   # Copies |   Runtime (us) |   Speedup (single/parallel) |   Fidelity |
+============+================+=============================+============+
|          1 |    2.84774e+07 |                     1       | 0.00894535 |
+------------+----------------+-----------------------------+------------+
|          2 |    1.65427e+07 |                     1.72145 | 0.00798673 |
+------------+----------------+-----------------------------+------------+
|          3 |    1.289e+07   |                     2.20927 | 0.00671252 |
+------------+----------------+-----------------------------+------------+
|          4 |    9.84832e+06 |                     2.8916  | 0.00588102 |
+------------+----------------+-----------------------------+------------+
|          5 |    7.25905e+06 |                     3.92303 | 0.0061121  |
+------------+----------------+-----------------------------+------------+
|          6 |    6.27399e+06 |                     4.53897 | 0.00676344 |
+------------+----------------+-----------------------------+------------+
|          7 |    5.69625e+06 |                     4.99933 | 0.00642883 |
+------------+----------------+-----------------------------+------------+


Trapped Ion (5 qubit clusters)
Calculating runtime for 1024 shots...

+------------+----------------+-----------------------------+-------------+
|   # Copies |   Runtime (us) |   Speedup (single/parallel) |    Fidelity |
+============+================+=============================+=============+
|          1 |    3.92704e+07 |                     1       | 0.00182979  |
+------------+----------------+-----------------------------+-------------+
|          2 |    2.16525e+07 |                     1.81367 | 0.00127312  |
+------------+----------------+-----------------------------+-------------+
|          3 |    1.51951e+07 |                     2.58442 | 0.00129251  |
+------------+----------------+-----------------------------+-------------+
|          4 |    1.13485e+07 |                     3.46041 | 0.00103815  |
+------------+----------------+-----------------------------+-------------+
|          5 |    9.56735e+06 |                     4.10463 | 0.000943862 |
+------------+----------------+-----------------------------+-------------+
|          6 |    8.04213e+06 |                     4.88308 | 0.000984661 |
+------------+----------------+-----------------------------+-------------+
|          7 |    7.01337e+06 |                     5.59936 | 0.000982538 |
+------------+----------------+-----------------------------+-------------+
Analysis done.
