    +----------------------------------------------+
    |   CHRONOSCOPE: Quantum Resource Estimation   |
    |                                              |
    |          CS639 FINAL COURSE PROJECT          |
    +----------------------------------------------+

Verbose: 0

qft problem size is 20 qubits running 1 - 5 circuits in parallel.


Mesh (100 qubit)
Calculating runtime for 1024 shots...

+------------+----------------+-----------------------------+-------------+
|   # Copies |   Runtime (us) |   Speedup (single/parallel) |    Fidelity |
+============+================+=============================+=============+
|          1 |    5.04115e+07 |                     1       | 9.86151e-07 |
+------------+----------------+-----------------------------+-------------+
|          2 |    3.37562e+07 |                     1.4934  | 4.07345e-07 |
+------------+----------------+-----------------------------+-------------+
|          3 |    2.35262e+07 |                     2.14278 | 2.98817e-07 |
+------------+----------------+-----------------------------+-------------+
|          4 |    1.77331e+07 |                     2.84279 | 1.88456e-07 |
+------------+----------------+-----------------------------+-------------+
|          5 |    1.99034e+07 |                     2.5328  | 1.3413e-07  |
+------------+----------------+-----------------------------+-------------+


Trapped Ion (10 qubit clusters)
Calculating runtime for 1024 shots...

+------------+----------------+-----------------------------+-------------+
|   # Copies |   Runtime (us) |   Speedup (single/parallel) |    Fidelity |
+============+================+=============================+=============+
|          1 |    6.16346e+07 |                     1       | 6.39063e-05 |
+------------+----------------+-----------------------------+-------------+
|          2 |    3.58758e+07 |                     1.718   | 4.06098e-05 |
+------------+----------------+-----------------------------+-------------+
|          3 |    2.64811e+07 |                     2.3275  | 3.82275e-05 |
+------------+----------------+-----------------------------+-------------+
|          4 |    2.09024e+07 |                     2.94868 | 3.27414e-05 |
+------------+----------------+-----------------------------+-------------+
|          5 |    1.6603e+07  |                     3.71227 | 4.32712e-05 |
+------------+----------------+-----------------------------+-------------+


Trapped Ion (5 qubit clusters)
Calculating runtime for 1024 shots...

+------------+----------------+-----------------------------+-------------+
|   # Copies |   Runtime (us) |   Speedup (single/parallel) |    Fidelity |
+============+================+=============================+=============+
|          1 |    7.00928e+07 |                     1       | 1.69918e-06 |
+------------+----------------+-----------------------------+-------------+
|          2 |    3.72275e+07 |                     1.88282 | 9.86151e-07 |
+------------+----------------+-----------------------------+-------------+
|          3 |    2.85741e+07 |                     2.45302 | 6.07999e-07 |
+------------+----------------+-----------------------------+-------------+
|          4 |    2.02778e+07 |                     3.45663 | 5.40796e-07 |
+------------+----------------+-----------------------------+-------------+
|          5 |    1.79642e+07 |                     3.90182 | 3.9462e-07  |
+------------+----------------+-----------------------------+-------------+
Analysis done.
