    +----------------------------------------------+
    |   CHRONOSCOPE: Quantum Resource Estimation   |
    |                                              |
    |          CS639 FINAL COURSE PROJECT          |
    +----------------------------------------------+

Verbose: 0

qft problem size is 23 qubits running 1 - 4 circuits in parallel.


Mesh (100 qubit)
Calculating runtime for 1024 shots...

+------------+----------------+-----------------------------+-------------+
|   # Copies |   Runtime (us) |   Speedup (single/parallel) |    Fidelity |
+============+================+=============================+=============+
|          1 |    7.19155e+07 |                     1       | 1.42446e-08 |
+------------+----------------+-----------------------------+-------------+
|          2 |    3.95725e+07 |                     1.81731 | 6.74129e-09 |
+------------+----------------+-----------------------------+-------------+
|          3 |    2.92649e+07 |                     2.4574  | 3.94212e-09 |
+------------+----------------+-----------------------------+-------------+
|          4 |    2.81062e+07 |                     2.5587  | 1.7695e-09  |
+------------+----------------+-----------------------------+-------------+


Trapped Ion (10 qubit clusters)
Calculating runtime for 1024 shots...

+------------+----------------+-----------------------------+-------------+
|   # Copies |   Runtime (us) |   Speedup (single/parallel) |    Fidelity |
+============+================+=============================+=============+
|          1 |    8.7296e+07  |                     1       | 2.61909e-06 |
+------------+----------------+-----------------------------+-------------+
|          2 |    4.35661e+07 |                     2.00376 | 9.44269e-07 |
+------------+----------------+-----------------------------+-------------+
|          3 |    3.32527e+07 |                     2.62523 | 5.04312e-07 |
+------------+----------------+-----------------------------+-------------+
|          4 |    2.49165e+07 |                     3.50354 | 7.96624e-07 |
+------------+----------------+-----------------------------+-------------+


Trapped Ion (5 qubit clusters)
Calculating runtime for 1024 shots...

+------------+----------------+-----------------------------+-------------+
|   # Copies |   Runtime (us) |   Speedup (single/parallel) |    Fidelity |
+============+================+=============================+=============+
|          1 |    8.85248e+07 |                     1       | 1.03708e-08 |
+------------+----------------+-----------------------------+-------------+
|          2 |    4.50611e+07 |                     1.96455 | 9.05184e-09 |
+------------+----------------+-----------------------------+-------------+
|          3 |    3.38272e+07 |                     2.61697 | 3.60037e-09 |
+------------+----------------+-----------------------------+-------------+
|          4 |    2.55718e+07 |                     3.46181 | 2.17e-09    |
+------------+----------------+-----------------------------+-------------+
Analysis done.
