    +----------------------------------------------+
    |   CHRONOSCOPE: Quantum Resource Estimation   |
    |                                              |
    |          CS639 FINAL COURSE PROJECT          |
    +----------------------------------------------+

Verbose: 0

qft problem size is 24 qubits running 1 - 4 circuits in parallel.


Mesh (100 qubit)
Calculating runtime for 1024 shots...

+------------+----------------+-----------------------------+-------------+
|   # Copies |   Runtime (us) |   Speedup (single/parallel) |    Fidelity |
+============+================+=============================+=============+
|          1 |    7.28986e+07 |                     1       | 3.38743e-09 |
+------------+----------------+-----------------------------+-------------+
|          2 |    4.33101e+07 |                     1.68318 | 1.33721e-09 |
+------------+----------------+-----------------------------+-------------+
|          3 |    3.07971e+07 |                     2.36706 | 8.18231e-10 |
+------------+----------------+-----------------------------+-------------+
|          4 |    2.79322e+07 |                     2.60984 | 3.97609e-10 |
+------------+----------------+-----------------------------+-------------+


Trapped Ion (10 qubit clusters)
Calculating runtime for 1024 shots...

+------------+----------------+-----------------------------+-------------+
|   # Copies |   Runtime (us) |   Speedup (single/parallel) |    Fidelity |
+============+================+=============================+=============+
|          1 |    9.06752e+07 |                     1       | 9.36683e-07 |
+------------+----------------+-----------------------------+-------------+
|          2 |    5.42362e+07 |                     1.67186 | 3.30136e-07 |
+------------+----------------+-----------------------------+-------------+
|          3 |    3.73156e+07 |                     2.42995 | 2.06641e-07 |
+------------+----------------+-----------------------------+-------------+
|          4 |    2.66112e+07 |                     3.40741 | 2.6317e-07  |
+------------+----------------+-----------------------------+-------------+


Trapped Ion (5 qubit clusters)
Calculating runtime for 1024 shots...

+------------+----------------+-----------------------------+-------------+
|   # Copies |   Runtime (us) |   Speedup (single/parallel) |    Fidelity |
+============+================+=============================+=============+
|          1 |    9.70854e+07 |                     1       | 3.38743e-09 |
+------------+----------------+-----------------------------+-------------+
|          2 |    5.31507e+07 |                     1.82661 | 1.01871e-09 |
+------------+----------------+-----------------------------+-------------+
|          3 |    3.70489e+07 |                     2.62047 | 3.35439e-10 |
+------------+----------------+-----------------------------+-------------+
|          4 |    3.07072e+07 |                     3.16165 | 4.93162e-10 |
+------------+----------------+-----------------------------+-------------+
Analysis done.
