    +----------------------------------------------+
    |   CHRONOSCOPE: Quantum Resource Estimation   |
    |                                              |
    |          CS639 FINAL COURSE PROJECT          |
    +----------------------------------------------+

Verbose: 0

qft problem size is 15 qubits running 1 - 6 circuits in parallel.


Mesh (100 qubit)
Calculating runtime for 1024 shots...

+------------+----------------+-----------------------------+-------------+
|   # Copies |   Runtime (us) |   Speedup (single/parallel) |    Fidelity |
+============+================+=============================+=============+
|          1 |    4.11546e+07 |                     1       | 0.000416624 |
+------------+----------------+-----------------------------+-------------+
|          2 |    2.03725e+07 |                     2.02011 | 0.000332115 |
+------------+----------------+-----------------------------+-------------+
|          3 |    1.58791e+07 |                     2.59175 | 0.000268779 |
+------------+----------------+-----------------------------+-------------+
|          4 |    1.22394e+07 |                     3.36248 | 0.000231077 |
+------------+----------------+-----------------------------+-------------+
|          5 |    9.80925e+06 |                     4.19548 | 0.000189285 |
+------------+----------------+-----------------------------+-------------+
|          6 |    8.27469e+06 |                     4.97355 | 0.000159568 |
+------------+----------------+-----------------------------+-------------+


Trapped Ion (10 qubit clusters)
Calculating runtime for 1024 shots...

+------------+----------------+-----------------------------+------------+
|   # Copies |   Runtime (us) |   Speedup (single/parallel) |   Fidelity |
+============+================+=============================+============+
|          1 |    3.44371e+07 |                     1       | 0.00420728 |
+------------+----------------+-----------------------------+------------+
|          2 |    1.72186e+07 |                     2       | 0.00450338 |
+------------+----------------+-----------------------------+------------+
|          3 |    1.29652e+07 |                     2.65612 | 0.00390106 |
+------------+----------------+-----------------------------+------------+
|          4 |    9.88416e+06 |                     3.48407 | 0.00346987 |
+------------+----------------+-----------------------------+------------+
|          5 |    8.06675e+06 |                     4.26902 | 0.00320519 |
+------------+----------------+-----------------------------+------------+
|          6 |    6.74253e+06 |                     5.10745 | 0.0033793  |
+------------+----------------+-----------------------------+------------+


Trapped Ion (5 qubit clusters)
Calculating runtime for 1024 shots...

+------------+----------------+-----------------------------+-------------+
|   # Copies |   Runtime (us) |   Speedup (single/parallel) |    Fidelity |
+============+================+=============================+=============+
|          1 |    3.95366e+07 |                     1       | 0.000986006 |
+------------+----------------+-----------------------------+-------------+
|          2 |    2.39565e+07 |                     1.65035 | 0.000670661 |
+------------+----------------+-----------------------------+-------------+
|          3 |    1.63168e+07 |                     2.42306 | 0.000717861 |
+------------+----------------+-----------------------------+-------------+
|          4 |    1.2608e+07  |                     3.13584 | 0.00054688  |
+------------+----------------+-----------------------------+-------------+
|          5 |    1.01454e+07 |                     3.89698 | 0.000593385 |
+------------+----------------+-----------------------------+-------------+
|          6 |    9.02025e+06 |                     4.3831  | 0.00049571  |
+------------+----------------+-----------------------------+-------------+
Analysis done.
