    +----------------------------------------------+
    |   CHRONOSCOPE: Quantum Resource Estimation   |
    |                                              |
    |          CS639 FINAL COURSE PROJECT          |
    +----------------------------------------------+

Verbose: 0

qft problem size is 8 qubits running 1 - 12 circuits in parallel.


Mesh (100 qubit)
Calculating runtime for 1024 shots...

+------------+----------------+-----------------------------+------------+
|   # Copies |   Runtime (us) |   Speedup (single/parallel) |   Fidelity |
+============+================+=============================+============+
|          1 |    1.64966e+07 |                     1       |  0.122217  |
+------------+----------------+-----------------------------+------------+
|          2 |    8.05376e+06 |                     2.04832 |  0.122217  |
+------------+----------------+-----------------------------+------------+
|          3 |    5.56434e+06 |                     2.96471 |  0.115047  |
+------------+----------------+-----------------------------+------------+
|          4 |    4.47744e+06 |                     3.68439 |  0.111622  |
+------------+----------------+-----------------------------+------------+
|          5 |    3.91755e+06 |                     4.21096 |  0.107645  |
+------------+----------------+-----------------------------+------------+
|          6 |    3.02157e+06 |                     5.45963 |  0.106674  |
+------------+----------------+-----------------------------+------------+
|          7 |    2.75625e+06 |                     5.98518 |  0.103945  |
+------------+----------------+-----------------------------+------------+
|          8 |    2.53056e+06 |                     6.51897 |  0.101369  |
+------------+----------------+-----------------------------+------------+
|          9 |    2.3427e+06  |                     7.04172 |  0.0979181 |
+------------+----------------+-----------------------------+------------+
|         10 |    2.43183e+06 |                     6.78363 |  0.0961098 |
+------------+----------------+-----------------------------+------------+
|         11 |    1.84334e+06 |                     8.94932 |  0.091208  |
+------------+----------------+-----------------------------+------------+
|         12 |    1.97542e+06 |                     8.35095 |  0.0896549 |
+------------+----------------+-----------------------------+------------+


Trapped Ion (10 qubit clusters)
Calculating runtime for 1024 shots...

+------------+------------------+-----------------------------+------------+
|   # Copies |     Runtime (us) |   Speedup (single/parallel) |   Fidelity |
+============+==================+=============================+============+
|          1 |      7.60832e+06 |                     1       |   0.220353 |
+------------+------------------+-----------------------------+------------+
|          2 |      3.80416e+06 |                     2       |   0.220353 |
+------------+------------------+-----------------------------+------------+
|          3 |      2.54106e+06 |                     2.99415 |   0.220353 |
+------------+------------------+-----------------------------+------------+
|          4 |      1.90208e+06 |                     4       |   0.220353 |
+------------+------------------+-----------------------------+------------+
|          5 |      1.52315e+06 |                     4.99512 |   0.220353 |
+------------+------------------+-----------------------------+------------+
|          6 |      1.27053e+06 |                     5.9883  |   0.220353 |
+------------+------------------+-----------------------------+------------+
|          7 |      1.09221e+06 |                     6.96599 |   0.220353 |
+------------+------------------+-----------------------------+------------+
|          8 | 951040           |                     8       |   0.220353 |
+------------+------------------+-----------------------------+------------+
|          9 | 847020           |                     8.98246 |   0.220353 |
+------------+------------------+-----------------------------+------------+
|         10 | 765290           |                     9.94175 |   0.220353 |
+------------+------------------+-----------------------------+------------+
|         11 |      1.41282e+06 |                     5.3852  |   0.19075  |
+------------+------------------+-----------------------------+------------+
|         12 |      1.27194e+06 |                     5.98167 |   0.190881 |
+------------+------------------+-----------------------------+------------+


Trapped Ion (5 qubit clusters)
Calculating runtime for 1024 shots...

+------------+----------------+-----------------------------+------------+
|   # Copies |   Runtime (us) |   Speedup (single/parallel) |   Fidelity |
+============+================+=============================+============+
|          1 |    1.33018e+07 |                     1       |   0.160428 |
+------------+----------------+-----------------------------+------------+
|          2 |    6.85568e+06 |                     1.94025 |   0.153316 |
+------------+----------------+-----------------------------+------------+
|          3 |    5.05818e+06 |                     2.62975 |   0.148751 |
+------------+----------------+-----------------------------+------------+
|          4 |    4.48768e+06 |                     2.96406 |   0.138447 |
+------------+----------------+-----------------------------+------------+
|          5 |    3.28615e+06 |                     4.04782 |   0.143887 |
+------------+----------------+-----------------------------+------------+
|          6 |    2.91213e+06 |                     4.56771 |   0.138971 |
+------------+----------------+-----------------------------+------------+
|          7 |    2.23587e+06 |                     5.94925 |   0.140935 |
+------------+----------------+-----------------------------+------------+
|          8 |    2.15424e+06 |                     6.17469 |   0.142426 |
+------------+----------------+-----------------------------+------------+
|          9 |    1.98246e+06 |                     6.70972 |   0.139321 |
+------------+----------------+-----------------------------+------------+
|         10 |    1.63667e+06 |                     8.12733 |   0.138761 |
+------------+----------------+-----------------------------+------------+
|         11 |    1.63466e+06 |                     8.13733 |   0.135483 |
+------------+----------------+-----------------------------+------------+
|         12 |    1.53682e+06 |                     8.65538 |   0.13637  |
+------------+----------------+-----------------------------+------------+
Analysis done.
