    +----------------------------------------------+
    |   CHRONOSCOPE: Quantum Resource Estimation   |
    |                                              |
    |          CS639 FINAL COURSE PROJECT          |
    +----------------------------------------------+

Verbose: 0

qft problem size is 10 qubits running 1 - 10 circuits in parallel.


Mesh (100 qubit)
Calculating runtime for 1024 shots...

+------------+----------------+-----------------------------+------------+
|   # Copies |   Runtime (us) |   Speedup (single/parallel) |   Fidelity |
+============+================+=============================+============+
|          1 |    2.31526e+07 |                     1       |  0.0366971 |
+------------+----------------+-----------------------------+------------+
|          2 |    1.27027e+07 |                     1.82265 |  0.0327645 |
+------------+----------------+-----------------------------+------------+
|          3 |    8.44398e+06 |                     2.74191 |  0.0310764 |
+------------+----------------+-----------------------------+------------+
|          4 |    6.55616e+06 |                     3.53143 |  0.0289236 |
+------------+----------------+-----------------------------+------------+
|          5 |    5.72565e+06 |                     4.04367 |  0.0284683 |
+------------+----------------+-----------------------------+------------+
|          6 |    5.13513e+06 |                     4.50868 |  0.025533  |
+------------+----------------+-----------------------------+------------+
|          7 |    4.28505e+06 |                     5.40312 |  0.0244012 |
+------------+----------------+-----------------------------+------------+
|          8 |    3.8208e+06  |                     6.05963 |  0.0233195 |
+------------+----------------+-----------------------------+------------+
|          9 |    3.81786e+06 |                     6.0643  |  0.0221738 |
+------------+----------------+-----------------------------+------------+
|         10 |    4.16223e+06 |                     5.56256 |  0.0211056 |
+------------+----------------+-----------------------------+------------+


Trapped Ion (10 qubit clusters)
Calculating runtime for 1024 shots...

+------------+------------------+-----------------------------+------------+
|   # Copies |     Runtime (us) |   Speedup (single/parallel) |   Fidelity |
+============+==================+=============================+============+
|          1 |      9.3696e+06  |                     1       |    0.10412 |
+------------+------------------+-----------------------------+------------+
|          2 |      4.6848e+06  |                     2       |    0.10412 |
+------------+------------------+-----------------------------+------------+
|          3 |      3.1293e+06  |                     2.99415 |    0.10412 |
+------------+------------------+-----------------------------+------------+
|          4 |      2.3424e+06  |                     4       |    0.10412 |
+------------+------------------+-----------------------------+------------+
|          5 |      1.87575e+06 |                     4.99512 |    0.10412 |
+------------+------------------+-----------------------------+------------+
|          6 |      1.56465e+06 |                     5.9883  |    0.10412 |
+------------+------------------+-----------------------------+------------+
|          7 |      1.34505e+06 |                     6.96599 |    0.10412 |
+------------+------------------+-----------------------------+------------+
|          8 |      1.1712e+06  |                     8       |    0.10412 |
+------------+------------------+-----------------------------+------------+
|          9 |      1.0431e+06  |                     8.98246 |    0.10412 |
+------------+------------------+-----------------------------+------------+
|         10 | 942450           |                     9.94175 |    0.10412 |
+------------+------------------+-----------------------------+------------+


Trapped Ion (5 qubit clusters)
Calculating runtime for 1024 shots...

+------------+----------------+-----------------------------+------------+
|   # Copies |   Runtime (us) |   Speedup (single/parallel) |   Fidelity |
+============+================+=============================+============+
|          1 |    2.15962e+07 |                     1       |  0.0604278 |
+------------+----------------+-----------------------------+------------+
|          2 |    1.11974e+07 |                     1.92867 |  0.0527427 |
+------------+----------------+-----------------------------+------------+
|          3 |    7.21278e+06 |                     2.99415 |  0.0577491 |
+------------+----------------+-----------------------------+------------+
|          4 |    5.97248e+06 |                     3.61595 |  0.0527427 |
+------------+----------------+-----------------------------+------------+
|          5 |    4.88925e+06 |                     4.41707 |  0.049052  |
+------------+----------------+-----------------------------+------------+
|          6 |    4.27671e+06 |                     5.04971 |  0.0504047 |
+------------+----------------+-----------------------------+------------+
|          7 |    3.67647e+06 |                     5.87416 |  0.0478594 |
+------------+----------------+-----------------------------+------------+
|          8 |    3.16032e+06 |                     6.83354 |  0.0501199 |
+------------+----------------+-----------------------------+------------+
|          9 |    2.8785e+06  |                     7.50257 |  0.0498994 |
+------------+----------------+-----------------------------+------------+
|         10 |    2.53689e+06 |                     8.51285 |  0.0504047 |
+------------+----------------+-----------------------------+------------+
Analysis done.
