    +----------------------------------------------+
    |   CHRONOSCOPE: Quantum Resource Estimation   |
    |                                              |
    |          CS639 FINAL COURSE PROJECT          |
    +----------------------------------------------+

Verbose: 0

qft problem size is 22 qubits running 1 - 4 circuits in parallel.


Mesh (100 qubit)
Calculating runtime for 1024 shots...

+------------+----------------+-----------------------------+-------------+
|   # Copies |   Runtime (us) |   Speedup (single/parallel) |    Fidelity |
+============+================+=============================+=============+
|          1 |    6.74509e+07 |                     1       | 5.99004e-08 |
+------------+----------------+-----------------------------+-------------+
|          2 |    4.04941e+07 |                     1.6657  | 2.25978e-08 |
+------------+----------------+-----------------------------+-------------+
|          3 |    3.26781e+07 |                     2.0641  | 1.32146e-08 |
+------------+----------------+-----------------------------+-------------+
|          4 |    2.27763e+07 |                     2.96145 | 9.8787e-09  |
+------------+----------------+-----------------------------+-------------+


Trapped Ion (10 qubit clusters)
Calculating runtime for 1024 shots...

+------------+----------------+-----------------------------+-------------+
|   # Copies |   Runtime (us) |   Speedup (single/parallel) |    Fidelity |
+============+================+=============================+=============+
|          1 |    7.71174e+07 |                     1       | 9.18681e-06 |
+------------+----------------+-----------------------------+-------------+
|          2 |    4.30848e+07 |                     1.7899  | 2.95721e-06 |
+------------+----------------+-----------------------------+-------------+
|          3 |    3.01952e+07 |                     2.55397 | 1.9078e-06  |
+------------+----------------+-----------------------------+-------------+
|          4 |    2.18189e+07 |                     3.53444 | 2.20236e-06 |
+------------+----------------+-----------------------------+-------------+


Trapped Ion (5 qubit clusters)
Calculating runtime for 1024 shots...

+------------+----------------+-----------------------------+-------------+
|   # Copies |   Runtime (us) |   Speedup (single/parallel) |    Fidelity |
+============+================+=============================+=============+
|          1 |    8.05581e+07 |                     1       | 6.55861e-08 |
+------------+----------------+-----------------------------+-------------+
|          2 |    4.73651e+07 |                     1.70079 | 3.10388e-08 |
+------------+----------------+-----------------------------+-------------+
|          3 |    3.27533e+07 |                     2.45954 | 2.38254e-08 |
+------------+----------------+-----------------------------+-------------+
|          4 |    2.73382e+07 |                     2.94672 | 8.24014e-09 |
+------------+----------------+-----------------------------+-------------+
Analysis done.
