    +----------------------------------------------+
    |   CHRONOSCOPE: Quantum Resource Estimation   |
    |                                              |
    |          CS639 FINAL COURSE PROJECT          |
    +----------------------------------------------+

Verbose: 0

qft problem size is 9 qubits running 1 - 11 circuits in parallel.


Mesh (100 qubit)
Calculating runtime for 1024 shots...

+------------+----------------+-----------------------------+------------+
|   # Copies |   Runtime (us) |   Speedup (single/parallel) |   Fidelity |
+============+================+=============================+============+
|          1 |    1.97325e+07 |                     1       |  0.0730652 |
+------------+----------------+-----------------------------+------------+
|          2 |    1.05011e+07 |                     1.87908 |  0.0682612 |
+------------+----------------+-----------------------------+------------+
|          3 |    7.32222e+06 |                     2.69488 |  0.063773  |
+------------+----------------+-----------------------------+------------+
|          4 |    5.30688e+06 |                     3.71828 |  0.0623435 |
+------------+----------------+-----------------------------+------------+
|          5 |    4.61045e+06 |                     4.27995 |  0.0598507 |
+------------+----------------+-----------------------------+------------+
|          6 |    3.84921e+06 |                     5.12637 |  0.0578059 |
+------------+----------------+-----------------------------+------------+
|          7 |    3.60003e+06 |                     5.4812  |  0.0549461 |
+------------+----------------+-----------------------------+------------+
|          8 |    2.97088e+06 |                     6.64196 |  0.0522983 |
+------------+----------------+-----------------------------+------------+
|          9 |    2.97198e+06 |                     6.63951 |  0.0510938 |
+------------+----------------+-----------------------------+------------+
|         10 |    3.30527e+06 |                     5.97001 |  0.0492489 |
+------------+----------------+-----------------------------+------------+
|         11 |    2.57278e+06 |                     7.66971 |  0.0470076 |
+------------+----------------+-----------------------------+------------+


Trapped Ion (10 qubit clusters)
Calculating runtime for 1024 shots...

+------------+------------------+-----------------------------+------------+
|   # Copies |     Runtime (us) |   Speedup (single/parallel) |   Fidelity |
+============+==================+=============================+============+
|          1 |      8.48896e+06 |                     1       |   0.157929 |
+------------+------------------+-----------------------------+------------+
|          2 |      4.24448e+06 |                     2       |   0.157929 |
+------------+------------------+-----------------------------+------------+
|          3 |      2.83518e+06 |                     2.99415 |   0.157929 |
+------------+------------------+-----------------------------+------------+
|          4 |      2.12224e+06 |                     4       |   0.157929 |
+------------+------------------+-----------------------------+------------+
|          5 |      1.69945e+06 |                     4.99512 |   0.157929 |
+------------+------------------+-----------------------------+------------+
|          6 |      1.41759e+06 |                     5.9883  |   0.157929 |
+------------+------------------+-----------------------------+------------+
|          7 |      1.21863e+06 |                     6.96599 |   0.157929 |
+------------+------------------+-----------------------------+------------+
|          8 |      1.06112e+06 |                     8       |   0.157929 |
+------------+------------------+-----------------------------+------------+
|          9 | 945060           |                     8.98246 |   0.157929 |
+------------+------------------+-----------------------------+------------+
|         10 | 853870           |                     9.94175 |   0.157929 |
+------------+------------------+-----------------------------+------------+
|         11 |      1.82078e+06 |                     4.66227 |   0.129047 |
+------------+------------------+-----------------------------+------------+


Trapped Ion (5 qubit clusters)
Calculating runtime for 1024 shots...

+------------+----------------+-----------------------------+------------+
|   # Copies |   Runtime (us) |   Speedup (single/parallel) |   Fidelity |
+============+================+=============================+============+
|          1 |    1.74182e+07 |                     1       |  0.0959088 |
+------------+----------------+-----------------------------+------------+
|          2 |    9.89696e+06 |                     1.75996 |  0.0837114 |
+------------+----------------+-----------------------------+------------+
|          3 |    7.17858e+06 |                     2.42642 |  0.0800006 |
+------------+----------------+-----------------------------+------------+
|          4 |    5.30688e+06 |                     3.2822  |  0.0782074 |
+------------+----------------+-----------------------------+------------+
|          5 |    4.22915e+06 |                     4.11861 |  0.0785628 |
+------------+----------------+-----------------------------+------------+
|          6 |    3.68505e+06 |                     4.72673 |  0.0764543 |
+------------+----------------+-----------------------------+------------+
|          7 |    3.24135e+06 |                     5.37376 |  0.07354   |
+------------+----------------+-----------------------------+------------+
|          8 |    2.88128e+06 |                     6.04531 |  0.0751654 |
+------------+----------------+-----------------------------+------------+
|          9 |    2.48178e+06 |                     7.01845 |  0.0738051 |
+------------+----------------+-----------------------------+------------+
|         10 |    2.41947e+06 |                     7.1992  |  0.0771508 |
+------------+----------------+-----------------------------+------------+
|         11 |    2.06706e+06 |                     8.42658 |  0.0761398 |
+------------+----------------+-----------------------------+------------+
Analysis done.
