    +----------------------------------------------+
    |   CHRONOSCOPE: Quantum Resource Estimation   |
    |                                              |
    |          CS639 FINAL COURSE PROJECT          |
    +----------------------------------------------+

Verbose: 0

qft problem size is 6 qubits running 1 - 16 circuits in parallel.


Mesh (100 qubit)
Calculating runtime for 1024 shots...

+------------+----------------+-----------------------------+------------+
|   # Copies |   Runtime (us) |   Speedup (single/parallel) |   Fidelity |
+============+================+=============================+============+
|          1 |    1.07827e+07 |                     1       |   0.320732 |
+------------+----------------+-----------------------------+------------+
|          2 |    5.38112e+06 |                     2.00381 |   0.313542 |
+------------+----------------+-----------------------------+------------+
|          3 |    3.66966e+06 |                     2.93834 |   0.311182 |
+------------+----------------+-----------------------------+------------+
|          4 |    2.69568e+06 |                     4       |   0.306514 |
+------------+----------------+-----------------------------+------------+
|          5 |    2.24065e+06 |                     4.81232 |   0.301005 |
+------------+----------------+-----------------------------+------------+
|          6 |    1.83825e+06 |                     5.86575 |   0.299643 |
+------------+----------------+-----------------------------+------------+
|          7 |    1.66551e+06 |                     6.47413 |   0.29483  |
+------------+----------------+-----------------------------+------------+
|          8 |    1.39904e+06 |                     7.70723 |   0.291271 |
+------------+----------------+-----------------------------+------------+
|          9 |    1.28022e+06 |                     8.42255 |   0.287083 |
+------------+----------------+-----------------------------+------------+
|         10 |    1.30913e+06 |                     8.23655 |   0.281214 |
+------------+----------------+-----------------------------+------------+
|         11 |    1.17782e+06 |                     9.15481 |   0.281098 |
+------------+----------------+-----------------------------+------------+
|         12 |    1.26506e+06 |                     8.52349 |   0.279942 |
+------------+----------------+-----------------------------+------------+
|         13 |    1.13049e+06 |                     9.53809 |   0.27319  |
+------------+----------------+-----------------------------+------------+
|         14 |    1.3727e+06  |                     7.85512 |   0.2719   |
+------------+----------------+-----------------------------+------------+
|         15 |    1.16127e+06 |                     9.28528 |   0.270787 |
+------------+----------------+-----------------------------+------------+
|         16 |    1.2e+06     |                     8.9856  |   0.269053 |
+------------+----------------+-----------------------------+------------+


Trapped Ion (10 qubit clusters)
Calculating runtime for 1024 shots...

+------------+------------------+-----------------------------+------------+
|   # Copies |     Runtime (us) |   Speedup (single/parallel) |   Fidelity |
+============+==================+=============================+============+
|          1 |      5.84704e+06 |                     1       |   0.402345 |
+------------+------------------+-----------------------------+------------+
|          2 |      2.92352e+06 |                     2       |   0.402345 |
+------------+------------------+-----------------------------+------------+
|          3 |      1.95282e+06 |                     2.99415 |   0.402345 |
+------------+------------------+-----------------------------+------------+
|          4 |      1.46176e+06 |                     4       |   0.402345 |
+------------+------------------+-----------------------------+------------+
|          5 |      1.17055e+06 |                     4.99512 |   0.402345 |
+------------+------------------+-----------------------------+------------+
|          6 | 976410           |                     5.9883  |   0.402345 |
+------------+------------------+-----------------------------+------------+
|          7 | 839370           |                     6.96599 |   0.402345 |
+------------+------------------+-----------------------------+------------+
|          8 | 730880           |                     8       |   0.402345 |
+------------+------------------+-----------------------------+------------+
|          9 | 650940           |                     8.98246 |   0.402345 |
+------------+------------------+-----------------------------+------------+
|         10 | 588130           |                     9.94175 |   0.402345 |
+------------+------------------+-----------------------------+------------+
|         11 | 826260           |                     7.07651 |   0.378222 |
+------------+------------------+-----------------------------+------------+
|         12 |      1.0019e+06  |                     5.83595 |   0.374473 |
+------------+------------------+-----------------------------+------------+
|         13 | 814490           |                     7.17877 |   0.375236 |
+------------+------------------+-----------------------------+------------+
|         14 | 648980           |                     9.00958 |   0.374675 |
+------------+------------------+-----------------------------+------------+
|         15 | 752790           |                     7.76716 |   0.37419  |
+------------+------------------+-----------------------------+------------+
|         16 | 740480           |                     7.89628 |   0.37589  |
+------------+------------------+-----------------------------+------------+


Trapped Ion (5 qubit clusters)
Calculating runtime for 1024 shots...

+------------+------------------+-----------------------------+------------+
|   # Copies |     Runtime (us) |   Speedup (single/parallel) |   Fidelity |
+============+==================+=============================+============+
|          1 |      6.46144e+06 |                     1       |   0.384509 |
+------------+------------------+-----------------------------+------------+
|          2 |      4.30592e+06 |                     1.50059 |   0.343304 |
+------------+------------------+-----------------------------+------------+
|          3 |      3.80646e+06 |                     1.69749 |   0.345908 |
+------------+------------------+-----------------------------+------------+
|          4 |      2.63936e+06 |                     2.44811 |   0.335609 |
+------------+------------------+-----------------------------+------------+
|          5 |      2.11355e+06 |                     3.05715 |   0.344864 |
+------------+------------------+-----------------------------+------------+
|          6 |      1.76301e+06 |                     3.665   |   0.351176 |
+------------+------------------+-----------------------------+------------+
|          7 |      1.51557e+06 |                     4.26337 |   0.348908 |
+------------+------------------+-----------------------------+------------+
|          8 |      1.4912e+06  |                     4.33305 |   0.345255 |
+------------+------------------+-----------------------------+------------+
|          9 |      1.3281e+06  |                     4.86518 |   0.337304 |
+------------+------------------+-----------------------------+------------+
|         10 |      1.13403e+06 |                     5.69777 |   0.340205 |
+------------+------------------+-----------------------------+------------+
|         11 |      1.0951e+06  |                     5.90032 |   0.344012 |
+------------+------------------+-----------------------------+------------+
|         12 | 886660           |                     7.28739 |   0.343304 |
+------------+------------------+-----------------------------+------------+
|         13 | 920350           |                     7.02063 |   0.339139 |
+------------+------------------+-----------------------------+------------+
|         14 | 862100           |                     7.495   |   0.341087 |
+------------+------------------+-----------------------------+------------+
|         15 | 711390           |                     9.08284 |   0.344864 |
+------------+------------------+-----------------------------+------------+
|         16 | 740480           |                     8.72602 |   0.345255 |
+------------+------------------+-----------------------------+------------+
Analysis done.
