    +----------------------------------------------+
    |   CHRONOSCOPE: Quantum Resource Estimation   |
    |                                              |
    |          CS639 FINAL COURSE PROJECT          |
    +----------------------------------------------+

Verbose: 0

qaoa problem size is 19 qubits running 1 - 5 circuits in parallel.


Mesh (100 qubit)
Calculating runtime for 1024 shots...

+------------+----------------+-----------------------------+------------+
|   # Copies |   Runtime (us) |   Speedup (single/parallel) |   Fidelity |
+============+================+=============================+============+
|          1 |    5.13024e+06 |                     1       |  0.085966  |
+------------+----------------+-----------------------------+------------+
|          2 |    3.3024e+06  |                     1.55349 |  0.0803137 |
+------------+----------------+-----------------------------+------------+
|          3 |    2.12382e+06 |                     2.41557 |  0.071707  |
+------------+----------------+-----------------------------+------------+
|          4 |    1.99936e+06 |                     2.56594 |  0.0625875 |
+------------+----------------+-----------------------------+------------+
|          5 |    1.77735e+06 |                     2.88645 |  0.0585127 |
+------------+----------------+-----------------------------+------------+


Trapped Ion (10 qubit clusters)
Calculating runtime for 1024 shots...

+------------+----------------+-----------------------------+------------+
|   # Copies |   Runtime (us) |   Speedup (single/parallel) |   Fidelity |
+============+================+=============================+============+
|          1 |    6.03136e+06 |                     1       |  0.0929928 |
+------------+----------------+-----------------------------+------------+
|          2 |    3.22048e+06 |                     1.87281 |  0.0821553 |
+------------+----------------+-----------------------------+------------+
|          3 |    2.50686e+06 |                     2.40594 |  0.0773358 |
+------------+----------------+-----------------------------+------------+
|          4 |    1.67168e+06 |                     3.60796 |  0.0803137 |
+------------+----------------+-----------------------------+------------+
|          5 |    1.67895e+06 |                     3.59234 |  0.0821553 |
+------------+----------------+-----------------------------+------------+


Trapped Ion (5 qubit clusters)
Calculating runtime for 1024 shots...

+------------+----------------+-----------------------------+------------+
|   # Copies |   Runtime (us) |   Speedup (single/parallel) |   Fidelity |
+============+================+=============================+============+
|          1 |    5.53984e+06 |                     1       |  0.0685284 |
+------------+----------------+-----------------------------+------------+
|          2 |    3.65056e+06 |                     1.51753 |  0.0700997 |
+------------+----------------+-----------------------------+------------+
|          3 |    2.4111e+06  |                     2.29764 |  0.0635406 |
+------------+----------------+-----------------------------+------------+
|          4 |    1.9328e+06  |                     2.86623 |  0.0669923 |
+------------+----------------+-----------------------------+------------+
|          5 |    1.55595e+06 |                     3.56042 |  0.0631576 |
+------------+----------------+-----------------------------+------------+
Analysis done.
